<?xml version="1.0" encoding="UTF-8"?>
<!-- Generated by org.testng.reporters.JUnitXMLReporter -->
<testsuite hostname="LHTU05CG4472DYW" ignored="2" name="GRPTS_AdditionalHouseHold-Test" tests="15" failures="0" timestamp="2020-12-15T20:22:11 IST" time="170.254" errors="0">
  <testcase name="additionalHouseHoldMembersCount_GPRTSTest" time="1.322" classname="com.cet.GRPTSAdditionalHouseHold_Test"/>
  <testcase name="additionalHouseHoldMembersFirstName_GPRTSTest" time="1.346" classname="com.cet.GRPTSAdditionalHouseHold_Test"/>
  <testcase name="additionalHouseHoldMembersLasttName_GPRTSTest" time="1.246" classname="com.cet.GRPTSAdditionalHouseHold_Test"/>
  <testcase name="additionalHouseHoldMembersCount_GPRTSTest" time="0.009" classname="com.cet.GRPTSAdditionalHouseHold_Test"/>
  <testcase name="additionalHouseHoldMembersFirstName_GPRTSTest" time="1.433" classname="com.cet.GRPTSAdditionalHouseHold_Test"/>
  <testcase name="additionalHouseHoldMembersLasttName_GPRTSTest" time="1.268" classname="com.cet.GRPTSAdditionalHouseHold_Test"/>
  <testcase name="additionalHouseHoldMembersCount_GPRTSTest" time="0.006" classname="com.cet.GRPTSAdditionalHouseHold_Test"/>
  <testcase name="additionalHouseHoldMembersFirstName_GPRTSTest" time="1.196" classname="com.cet.GRPTSAdditionalHouseHold_Test"/>
  <testcase name="additionalHouseHoldMembersLasttName_GPRTSTest" time="1.236" classname="com.cet.GRPTSAdditionalHouseHold_Test"/>
  <testcase name="nextAdditionalHouseHoldMembersFirstName_GPRTSTest" time="0.008" classname="com.cet.GRPTSNextAdditionalHouseHold_Test"/>
  <testcase name="nextAdditionalHouseHoldMembersLastName_GPRTSTest" time="0.009" classname="com.cet.GRPTSNextAdditionalHouseHold_Test"/>
  <testcase name="nextAdditionalHouseHoldMembersFirstName_GPRTSTest" time="1.47" classname="com.cet.GRPTSNextAdditionalHouseHold_Test"/>
  <testcase name="nextAdditionalHouseHoldMembersLastName_GPRTSTest" time="0.961" classname="com.cet.GRPTSNextAdditionalHouseHold_Test"/>
  <testcase name="nextAdditionalHouseHoldMembersFirstName_GPRTSTest" time="0.988" classname="com.cet.GRPTSNextAdditionalHouseHold_Test"/>
  <testcase name="nextAdditionalHouseHoldMembersLastName_GPRTSTest" time="1.008" classname="com.cet.GRPTSNextAdditionalHouseHold_Test"/>
  <testcase name="@AfterSuite removeExtent" time="0.0" classname="com.cet.intit.Base">
    <ignored/>
  </testcase> <!-- @AfterSuite removeExtent -->
  <testcase name="@BeforeSuite setExtent" time="0.0" classname="com.cet.intit.Base">
    <ignored/>
  </testcase> <!-- @BeforeSuite setExtent -->
</testsuite> <!-- GRPTS_AdditionalHouseHold-Test -->
