<?xml version="1.0" encoding="UTF-8"?>
<!-- Generated by org.testng.reporters.JUnitXMLReporter -->
<testsuite hostname="LHTU05CG4472DYW" ignored="2" name="INDTS_AdditionalHouseHold-Test" tests="15" failures="0" timestamp="2020-12-15T20:19:21 IST" time="198.79" errors="0">
  <testcase name="additionalHouseHoldMembersCount_INDTSTest" time="1.816" classname="com.cet.INDTSAdditionalHouseHold_Test"/>
  <testcase name="additionalHouseHoldMembersFirstName_INDTSTest" time="1.64" classname="com.cet.INDTSAdditionalHouseHold_Test"/>
  <testcase name="additionalHouseHoldMembersLasttName_INDTSTest" time="1.582" classname="com.cet.INDTSAdditionalHouseHold_Test"/>
  <testcase name="additionalHouseHoldMembersCount_INDTSTest" time="0.016" classname="com.cet.INDTSAdditionalHouseHold_Test"/>
  <testcase name="additionalHouseHoldMembersFirstName_INDTSTest" time="1.33" classname="com.cet.INDTSAdditionalHouseHold_Test"/>
  <testcase name="additionalHouseHoldMembersLasttName_INDTSTest" time="1.289" classname="com.cet.INDTSAdditionalHouseHold_Test"/>
  <testcase name="additionalHouseHoldMembersCount_INDTSTest" time="0.014" classname="com.cet.INDTSAdditionalHouseHold_Test"/>
  <testcase name="additionalHouseHoldMembersFirstName_INDTSTest" time="1.3" classname="com.cet.INDTSAdditionalHouseHold_Test"/>
  <testcase name="additionalHouseHoldMembersLasttName_INDTSTest" time="1.206" classname="com.cet.INDTSAdditionalHouseHold_Test"/>
  <testcase name="nextAdditionalHouseHoldMembersFirstName_INDTSTest" time="1.128" classname="com.cet.INDTSNextAdditionalHouseHold_Test"/>
  <testcase name="nextAdditionalHouseHoldMembersLastName_INDTSTest" time="1.008" classname="com.cet.INDTSNextAdditionalHouseHold_Test"/>
  <testcase name="nextAdditionalHouseHoldMembersFirstName_INDTSTest" time="0.01" classname="com.cet.INDTSNextAdditionalHouseHold_Test"/>
  <testcase name="nextAdditionalHouseHoldMembersLastName_INDTSTest" time="0.013" classname="com.cet.INDTSNextAdditionalHouseHold_Test"/>
  <testcase name="nextAdditionalHouseHoldMembersFirstName_INDTSTest" time="0.991" classname="com.cet.INDTSNextAdditionalHouseHold_Test"/>
  <testcase name="nextAdditionalHouseHoldMembersLastName_INDTSTest" time="0.996" classname="com.cet.INDTSNextAdditionalHouseHold_Test"/>
  <testcase name="@AfterSuite removeExtent" time="0.0" classname="com.cet.intit.Base">
    <ignored/>
  </testcase> <!-- @AfterSuite removeExtent -->
  <testcase name="@BeforeSuite setExtent" time="0.0" classname="com.cet.intit.Base">
    <ignored/>
  </testcase> <!-- @BeforeSuite setExtent -->
</testsuite> <!-- INDTS_AdditionalHouseHold-Test -->
