<?xml version="1.0" encoding="UTF-8"?>
<!-- Generated by org.testng.reporters.JUnitXMLReporter -->
<testsuite hostname="LHTU05CG4472DYW" ignored="4" name="Retention-SearchTest" tests="18" failures="0" timestamp="2020-12-15T14:24:43 IST" time="679.753" errors="0">
  <testcase name="searchPageDefaultValue" time="51.22" classname="com.cet.retention.RetentionSearchTestCases"/>
  <testcase name="searchByMBI" time="6.457" classname="com.cet.retention.RetentionSearchTestCases"/>
  <testcase name="searchByCampaignFocus" time="15.135" classname="com.cet.retention.RetentionSearchTestCases"/>
  <testcase name="searchByTaskStatus" time="13.779" classname="com.cet.retention.RetentionSearchTestCases"/>
  <testcase name="searchByJobName" time="10.162" classname="com.cet.retention.RetentionSearchTestCases"/>
  <testcase name="searchByMemberFirstName" time="10.344" classname="com.cet.retention.RetentionSearchTestCases"/>
  <testcase name="searchByMemberLastName" time="13.767" classname="com.cet.retention.RetentionSearchTestCases"/>
  <testcase name="searchByPhoneNumber" time="22.419" classname="com.cet.retention.RetentionSearchTestCases"/>
  <testcase name="searchByDateFrom" time="10.136" classname="com.cet.retention.RetentionSearchTestCases"/>
  <testcase name="searchByDateTo" time="10.6" classname="com.cet.retention.RetentionSearchTestCases"/>
  <testcase name="searchByAgentName" time="11.017" classname="com.cet.retention.RetentionSearchTestCases"/>
  <testcase name="searchByAllfield" time="46.438" classname="com.cet.retention.RetentionSearchTestCases"/>
  <testcase name="invalidSearch" time="6.829" classname="com.cet.retention.RetentionSearchTestCases"/>
  <testcase name="defaultValues" time="74.567" classname="com.cet.retention.RetentionSearchEditTestCases"/>
  <testcase name="verifyFieldStatus" time="22.51" classname="com.cet.retention.RetentionSearchEditTestCases"/>
  <testcase name="selectDispostion" time="41.968" classname="com.cet.retention.RetentionSearchEditTestCases"/>
  <testcase name="defaultValues" time="72.303" classname="com.cet.retention.RetentionSearchViewTestCases"/>
  <testcase name="verifyFieldStatus" time="15.16" classname="com.cet.retention.RetentionSearchViewTestCases"/>
  <testcase name="@AfterSuite removeExtent" time="0.0" classname="com.cet.intit.Base">
    <ignored/>
  </testcase> <!-- @AfterSuite removeExtent -->
  <testcase name="@AfterSuite removeExtent" time="0.0" classname="com.cet.intit.Base">
    <ignored/>
  </testcase> <!-- @AfterSuite removeExtent -->
  <testcase name="@BeforeSuite setExtent" time="0.0" classname="com.cet.intit.Base">
    <ignored/>
  </testcase> <!-- @BeforeSuite setExtent -->
  <testcase name="@BeforeSuite setExtent" time="0.0" classname="com.cet.intit.Base">
    <ignored/>
  </testcase> <!-- @BeforeSuite setExtent -->
</testsuite> <!-- Retention-SearchTest -->
