<?xml version="1.0" encoding="UTF-8"?>
<!-- Generated by org.testng.reporters.JUnitXMLReporter -->
<testsuite hostname="LHTU05CG4472DYW" ignored="4" name="Retention-HomeTest" tests="42" failures="0" timestamp="2020-12-15T14:13:23 IST" time="194.839" errors="0">
  <testcase name="nextScheduledTableHeader_Test" time="20.551" classname="com.cet.retention.RetentionHome"/>
  <testcase name="homeJobName_Test" time="1.153" classname="com.cet.retention.RetentionHome"/>
  <testcase name="homeTaskType_Test" time="1.014" classname="com.cet.retention.RetentionHome"/>
  <testcase name="homeScheduledDate_Test" time="0.978" classname="com.cet.retention.RetentionHome"/>
  <testcase name="homeLastAttemptDate_Test" time="0.966" classname="com.cet.retention.RetentionHome"/>
  <testcase name="homeAttemptCount_Test" time="0.962" classname="com.cet.retention.RetentionHome"/>
  <testcase name="nextScheduledTableHeader_Test" time="0.913" classname="com.cet.retention.RetentionHome"/>
  <testcase name="homeJobName_Test" time="0.946" classname="com.cet.retention.RetentionHome"/>
  <testcase name="homeTaskType_Test" time="1.134" classname="com.cet.retention.RetentionHome"/>
  <testcase name="homeScheduledDate_Test" time="1.016" classname="com.cet.retention.RetentionHome"/>
  <testcase name="homeLastAttemptDate_Test" time="0.965" classname="com.cet.retention.RetentionHome"/>
  <testcase name="homeAttemptCount_Test" time="0.921" classname="com.cet.retention.RetentionHome"/>
  <testcase name="nextScheduledTableHeader_Test" time="0.871" classname="com.cet.retention.RetentionHome"/>
  <testcase name="homeJobName_Test" time="0.95" classname="com.cet.retention.RetentionHome"/>
  <testcase name="homeTaskType_Test" time="0.989" classname="com.cet.retention.RetentionHome"/>
  <testcase name="homeScheduledDate_Test" time="0.96" classname="com.cet.retention.RetentionHome"/>
  <testcase name="homeLastAttemptDate_Test" time="1.02" classname="com.cet.retention.RetentionHome"/>
  <testcase name="homeAttemptCount_Test" time="0.984" classname="com.cet.retention.RetentionHome"/>
  <testcase name="nextScheduledTableHeader_Test" time="0.824" classname="com.cet.retention.RetentionHome"/>
  <testcase name="homeJobName_Test" time="0.989" classname="com.cet.retention.RetentionHome"/>
  <testcase name="homeTaskType_Test" time="0.979" classname="com.cet.retention.RetentionHome"/>
  <testcase name="homeScheduledDate_Test" time="1.01" classname="com.cet.retention.RetentionHome"/>
  <testcase name="homeLastAttemptDate_Test" time="0.892" classname="com.cet.retention.RetentionHome"/>
  <testcase name="homeAttemptCount_Test" time="0.924" classname="com.cet.retention.RetentionHome"/>
  <testcase name="nextScheduledTableHeader_Test" time="0.838" classname="com.cet.retention.RetentionHome"/>
  <testcase name="homeJobName_Test" time="0.996" classname="com.cet.retention.RetentionHome"/>
  <testcase name="homeTaskType_Test" time="0.976" classname="com.cet.retention.RetentionHome"/>
  <testcase name="homeScheduledDate_Test" time="0.927" classname="com.cet.retention.RetentionHome"/>
  <testcase name="homeLastAttemptDate_Test" time="0.914" classname="com.cet.retention.RetentionHome"/>
  <testcase name="homeAttemptCount_Test" time="0.914" classname="com.cet.retention.RetentionHome"/>
  <testcase name="englishSkillCount_Test" time="0.992" classname="com.cet.retention.RetentionHomeSkillAssignedTestCases"/>
  <testcase name="koreanSkillCount_Test" time="1.085" classname="com.cet.retention.RetentionHomeSkillAssignedTestCases"/>
  <testcase name="cantoneseSkillCount_Test" time="0.991" classname="com.cet.retention.RetentionHomeSkillAssignedTestCases"/>
  <testcase name="frenchSkillCount_Test" time="0.989" classname="com.cet.retention.RetentionHomeSkillAssignedTestCases"/>
  <testcase name="vietnameseSkillCount_Test" time="0.893" classname="com.cet.retention.RetentionHomeSkillAssignedTestCases"/>
  <testcase name="spanishSkillCount_Test" time="0.908" classname="com.cet.retention.RetentionHomeSkillAssignedTestCases"/>
  <testcase name="englishSkillCount_OnlyNotAssigned_Test" time="1.053" classname="com.cet.retention.RetentionHomeSkillOnlyNotAssignedTestCases"/>
  <testcase name="koreanSkillCount_OnlyNotAssigned_Test" time="0.928" classname="com.cet.retention.RetentionHomeSkillOnlyNotAssignedTestCases"/>
  <testcase name="chineseSkillCount_OnlyNotAssigned_Test" time="1.002" classname="com.cet.retention.RetentionHomeSkillOnlyNotAssignedTestCases"/>
  <testcase name="vietnameseSkillCount_OnlyNotAssigned_Test" time="1.76" classname="com.cet.retention.RetentionHomeSkillOnlyNotAssignedTestCases"/>
  <testcase name="spanishSkillCount_OnlyNotAssigned_Test" time="1.224" classname="com.cet.retention.RetentionHomeSkillOnlyNotAssignedTestCases"/>
  <testcase name="russianSkillCount_OnlyNotAssigned_Test" time="1.431" classname="com.cet.retention.RetentionHomeSkillOnlyNotAssignedTestCases"/>
  <testcase name="@AfterSuite removeExtent" time="0.0" classname="com.cet.intit.Base">
    <ignored/>
  </testcase> <!-- @AfterSuite removeExtent -->
  <testcase name="@AfterSuite removeExtent" time="0.0" classname="com.cet.intit.Base">
    <ignored/>
  </testcase> <!-- @AfterSuite removeExtent -->
  <testcase name="@BeforeSuite setExtent" time="0.0" classname="com.cet.intit.Base">
    <ignored/>
  </testcase> <!-- @BeforeSuite setExtent -->
  <testcase name="@BeforeSuite setExtent" time="0.0" classname="com.cet.intit.Base">
    <ignored/>
  </testcase> <!-- @BeforeSuite setExtent -->
</testsuite> <!-- Retention-HomeTest -->
