<?xml version="1.0" encoding="UTF-8"?>
<!-- Generated by org.testng.reporters.JUnitXMLReporter -->
<testsuite hostname="LHTU05CG7401NRT" ignored="0" name="UserAdminViewUserTest" tests="5" failures="0" timestamp="2020-10-07T16:24:41 IST" time="92.428" errors="0">
  <testcase name="verifyFieldEnabledstatus" time="19.124" classname="com.cet.UserAdminViewUserTest"/>
  <testcase name="verifyLabelsOnViewUser" time="5.351" classname="com.cet.UserAdminViewUserTest"/>
  <testcase name="verifyTitle" time="0.064" classname="com.cet.UserAdminViewUserTest"/>
  <testcase name="verifyValueWithDB" time="18.755" classname="com.cet.UserAdminViewUserTest"/>
  <testcase name="verifyViewCancelBtnNavigation" time="4.665" classname="com.cet.UserAdminViewUserTest"/>
</testsuite> <!-- UserAdminViewUserTest -->
