<?xml version="1.0" encoding="UTF-8"?>
<!-- Generated by org.testng.reporters.JUnitXMLReporter -->
<testsuite hostname="LHTU05CG4472DYW" ignored="4" name="INDTS-SearchTest" tests="49" failures="4" timestamp="2020-12-17T12:48:22 IST" time="144.928" errors="0">
  <testcase name="verifyTitle" time="5.8" classname="com.cet.indts.SearchTest"/>
  <testcase name="verifyPageTitle" time="7.119" classname="com.cet.indts.SearchTest"/>
  <testcase name="verifylabelSearch" time="6.641" classname="com.cet.indts.SearchTest"/>
  <testcase name="verifylabelBconnId" time="1.246" classname="com.cet.indts.SearchTest">
    <failure type="java.lang.AssertionError" message="The following asserts failed:
	Failed : On Search Page bConn ID label is mismatch expected [] but found [bConn ID]">
      <![CDATA[java.lang.AssertionError: The following asserts failed:
Failed : On Search Page bConn ID label is mismatch expected [] but found [bConn ID]
at com.cet.intit.Base.verifyassert(Base.java:114)
at com.cet.indts.SearchTest.verifylabelBconnId(SearchTest.java:60)
at java.util.ArrayList.forEach(Unknown Source)
... Removed 29 stack frames]]>
    </failure>
  </testcase> <!-- verifylabelBconnId -->
  <testcase name="verifylabelTaskType" time="0.99" classname="com.cet.indts.SearchTest"/>
  <testcase name="verifylabelCampaignFocus" time="0.987" classname="com.cet.indts.SearchTest"/>
  <testcase name="verifylabelTaskStatus" time="0.963" classname="com.cet.indts.SearchTest"/>
  <testcase name="verifylabelJobName" time="1.067" classname="com.cet.indts.SearchTest"/>
  <testcase name="verifylabelDialingMethod" time="1.008" classname="com.cet.indts.SearchTest"/>
  <testcase name="verifylabelMemberFName" time="1.006" classname="com.cet.indts.SearchTest"/>
  <testcase name="verifylabelMemberLName" time="0.94" classname="com.cet.indts.SearchTest"/>
  <testcase name="verifylabelPhoneNumber" time="0.982" classname="com.cet.indts.SearchTest"/>
  <testcase name="verifylabelCreatedDateFrom" time="1.133" classname="com.cet.indts.SearchTest"/>
  <testcase name="verifylabelCreatedDateTo" time="1.101" classname="com.cet.indts.SearchTest"/>
  <testcase name="verifylabelAgentName" time="1.022" classname="com.cet.indts.SearchTest"/>
  <testcase name="verifyBtnCancel" time="1.933" classname="com.cet.indts.SearchTest"/>
  <testcase name="verifyBtnReset" time="1.879" classname="com.cet.indts.SearchTest"/>
  <testcase name="verifyBtnSearch" time="1.763" classname="com.cet.indts.SearchTest"/>
  <testcase name="verifylabelSearchResult" time="0.946" classname="com.cet.indts.SearchTest"/>
  <testcase name="verifyEditEnbled" time="13.727" classname="com.cet.indts.SearchTest">
    <failure type="java.lang.AssertionError" message="Failed : Task Status is not open expected [Open] but found [INDTS]">
      <![CDATA[java.lang.AssertionError: Failed : Task Status is not open expected [Open] but found [INDTS]
at com.cet.indts.SearchTest.verifyEditEnbled(SearchTest.java:177)
at java.util.ArrayList.forEach(Unknown Source)
... Removed 31 stack frames]]>
    </failure>
  </testcase> <!-- verifyEditEnbled -->
  <testcase name="verifyViewEnbled" time="22.257" classname="com.cet.indts.SearchTest">
    <failure type="java.lang.AssertionError" message="Failed : Task Status is not open expected [Open] but found [INDTS]">
      <![CDATA[java.lang.AssertionError: Failed : Task Status is not open expected [Open] but found [INDTS]
at com.cet.indts.SearchTest.verifyViewEnbled(SearchTest.java:189)
at java.util.ArrayList.forEach(Unknown Source)
... Removed 31 stack frames]]>
    </failure>
  </testcase> <!-- verifyViewEnbled -->
  <testcase name="verifyEditFlow" time="13.809" classname="com.cet.indts.SearchTest">
    <failure type="java.lang.AssertionError" message="Failed : Task Status is not open expected [Open] but found [INDTS]">
      <![CDATA[java.lang.AssertionError: Failed : Task Status is not open expected [Open] but found [INDTS]
at com.cet.indts.SearchTest.verifyEditFlow(SearchTest.java:201)
at java.util.ArrayList.forEach(Unknown Source)
... Removed 31 stack frames]]>
    </failure>
  </testcase> <!-- verifyEditFlow -->
  <testcase name="verifyvaluephone3" time="0.0" classname="com.cet.indts.SearchEditTest">
    <skipped/>
  </testcase> <!-- verifyvaluephone3 -->
  <testcase name="verifyTitle" time="0.0" classname="com.cet.indts.SearchEditTest">
    <skipped/>
  </testcase> <!-- verifyTitle -->
  <testcase name="verifyPageTitle" time="0.0" classname="com.cet.indts.SearchEditTest">
    <skipped/>
  </testcase> <!-- verifyPageTitle -->
  <testcase name="verifylabelSearch" time="0.0" classname="com.cet.indts.SearchEditTest">
    <skipped/>
  </testcase> <!-- verifylabelSearch -->
  <testcase name="verifyallfieldlabels" time="0.0" classname="com.cet.indts.SearchEditTest">
    <skipped/>
  </testcase> <!-- verifyallfieldlabels -->
  <testcase name="validateallmandatoryfieldsvalue" time="0.0" classname="com.cet.indts.SearchEditTest">
    <skipped/>
  </testcase> <!-- validateallmandatoryfieldsvalue -->
  <testcase name="validatevalueaddress" time="0.0" classname="com.cet.indts.SearchEditTest">
    <skipped/>
  </testcase> <!-- validatevalueaddress -->
  <testcase name="verifyvaluePhone2" time="0.0" classname="com.cet.indts.SearchEditTest">
    <skipped/>
  </testcase> <!-- verifyvaluePhone2 -->
  <testcase name="verifyvalueMBI" time="0.0" classname="com.cet.indts.SearchEditTest">
    <skipped/>
  </testcase> <!-- verifyvalueMBI -->
  <testcase name="verifyvalueMedicaidNum" time="0.0" classname="com.cet.indts.SearchEditTest">
    <skipped/>
  </testcase> <!-- verifyvalueMedicaidNum -->
  <testcase name="verifyProviderNumber" time="0.0" classname="com.cet.indts.SearchEditTest">
    <skipped/>
  </testcase> <!-- verifyProviderNumber -->
  <testcase name="verifyOther" time="0.0" classname="com.cet.indts.SearchEditTest">
    <skipped/>
  </testcase> <!-- verifyOther -->
  <testcase name="verifyTaskHistory" time="0.0" classname="com.cet.indts.SearchEditTest">
    <skipped/>
  </testcase> <!-- verifyTaskHistory -->
  <testcase name="verifyTJobName" time="0.0" classname="com.cet.indts.SearchEditTest">
    <skipped/>
  </testcase> <!-- verifyTJobName -->
  <testcase name="verifyAttemptResult" time="0.0" classname="com.cet.indts.SearchEditTest">
    <skipped/>
  </testcase> <!-- verifyAttemptResult -->
  <testcase name="verifyAttemptDate" time="0.0" classname="com.cet.indts.SearchEditTest">
    <skipped/>
  </testcase> <!-- verifyAttemptDate -->
  <testcase name="verifyAttemptCount" time="0.0" classname="com.cet.indts.SearchEditTest">
    <skipped/>
  </testcase> <!-- verifyAttemptCount -->
  <testcase name="verifyUser" time="0.0" classname="com.cet.indts.SearchEditTest">
    <skipped/>
  </testcase> <!-- verifyUser -->
  <testcase name="verifyTNotes" time="0.0" classname="com.cet.indts.SearchEditTest">
    <skipped/>
  </testcase> <!-- verifyTNotes -->
  <testcase name="verifyTaskDetails" time="0.0" classname="com.cet.indts.SearchEditTest">
    <skipped/>
  </testcase> <!-- verifyTaskDetails -->
  <testcase name="verifyNotes" time="0.0" classname="com.cet.indts.SearchEditTest">
    <skipped/>
  </testcase> <!-- verifyNotes -->
  <testcase name="setDisposition" time="0.0" classname="com.cet.indts.SearchEditTest">
    <skipped/>
  </testcase> <!-- setDisposition -->
  <testcase name="verifyTitle" time="0.0" classname="com.cet.indts.SearchViewTest">
    <skipped/>
  </testcase> <!-- verifyTitle -->
  <testcase name="verifyPageTitle" time="0.0" classname="com.cet.indts.SearchViewTest">
    <skipped/>
  </testcase> <!-- verifyPageTitle -->
  <testcase name="verifylabelSearch" time="0.0" classname="com.cet.indts.SearchViewTest">
    <skipped/>
  </testcase> <!-- verifylabelSearch -->
  <testcase name="verifyBconnID" time="0.0" classname="com.cet.indts.SearchViewTest">
    <skipped/>
  </testcase> <!-- verifyBconnID -->
  <testcase name="verifyTaskViewFields" time="0.0" classname="com.cet.indts.SearchViewTest">
    <skipped/>
  </testcase> <!-- verifyTaskViewFields -->
  <testcase name="@AfterSuite removeExtent" time="0.0" classname="com.cet.intit.Base">
    <ignored/>
  </testcase> <!-- @AfterSuite removeExtent -->
  <testcase name="@AfterSuite removeExtent" time="0.0" classname="com.cet.intit.Base">
    <ignored/>
  </testcase> <!-- @AfterSuite removeExtent -->
  <testcase name="@BeforeSuite setExtent" time="0.0" classname="com.cet.intit.Base">
    <ignored/>
  </testcase> <!-- @BeforeSuite setExtent -->
  <testcase name="@BeforeSuite setExtent" time="0.0" classname="com.cet.intit.Base">
    <ignored/>
  </testcase> <!-- @BeforeSuite setExtent -->
</testsuite> <!-- INDTS-SearchTest -->
