<?xml version="1.0" encoding="UTF-8"?>
<!-- Generated by org.testng.reporters.JUnitXMLReporter -->
<testsuite hostname="LHTU05CG4472DYW" ignored="4" name="INDTS-UserAdminTest" tests="29" failures="6" timestamp="2020-12-17T13:11:59 IST" time="1125.164" errors="0">
  <testcase name="verifyUserAdministratorLabel" time="29.621" classname="com.cet.indts.UserAdministratorTest"/>
  <testcase name="verifyUserAdministratorFieldEnabled" time="20.793" classname="com.cet.indts.UserAdministratorTest"/>
  <testcase name="verifyRestBtnFun" time="69.741" classname="com.cet.indts.UserAdministratorTest"/>
  <testcase name="verifyMsIdSearch" time="28.173" classname="com.cet.indts.UserAdministratorTest"/>
  <testcase name="verifyFNameSearch" time="24.346" classname="com.cet.indts.UserAdministratorTest"/>
  <testcase name="verifyLNameSearch" time="23.538" classname="com.cet.indts.UserAdministratorTest"/>
  <testcase name="verifyEmpIdSearch" time="25.032" classname="com.cet.indts.UserAdministratorTest"/>
  <testcase name="verifySupervisor" time="15.424" classname="com.cet.indts.UserAdministratorTest"/>
  <testcase name="verifyNoDataFoundText" time="19.927" classname="com.cet.indts.UserAdministratorTest"/>
  <testcase name="verifyAddUserBtnNavigation" time="13.119" classname="com.cet.indts.UserAdministratorTest"/>
  <testcase name="verifyCancelBtnNavigation" time="7.317" classname="com.cet.indts.UserAdministratorTest"/>
  <testcase name="verifyEditUserInfo" time="30.849" classname="com.cet.indts.UserAdminEditUserTest">
    <failure type="java.lang.NullPointerException">
      <![CDATA[java.lang.NullPointerException
at com.cet.pagerepositery.UserAdminEditUserPage.expDialingTeam(UserAdminEditUserPage.java:94)
at com.cet.indts.UserAdminEditUserTest.verifyEditUserInfo(UserAdminEditUserTest.java:80)
at java.util.ArrayList.forEach(Unknown Source)
... Removed 27 stack frames]]>
    </failure>
  </testcase> <!-- verifyEditUserInfo -->
  <testcase name="verifyErrorTextForNoDialingTeam" time="50.229" classname="com.cet.indts.UserAdminEditUserTest">
    <failure type="org.openqa.selenium.ElementNotInteractableException" message="Element is not displayed
Build info: version: &amp;apos;4.0.0-alpha-3&amp;apos;, revision: &amp;apos;8c567de6dc&amp;apos;
System info: host: &amp;apos;LHTU05CG4472DYW&amp;apos;, ip: &amp;apos;10.129.128.28&amp;apos;, os.name: &amp;apos;Windows 10&amp;apos;, os.arch: &amp;apos;amd64&amp;apos;, os.version: &amp;apos;10.0&amp;apos;, java.version: &amp;apos;1.8.0_261&amp;apos;
Driver info: org.openqa.selenium.ie.InternetExplorerDriver
Capabilities {acceptInsecureCerts: false, browserName: internet explorer, browserVersion: 11, javascriptEnabled: true, pageLoadStrategy: normal, platform: WINDOWS, platformName: WINDOWS, proxy: Proxy(), se:ieOptions: {browserAttachTimeout: 0, elementScrollBehavior: 0, enablePersistentHover: false, ie.browserCommandLineSwitches: , ie.edgechromium: false, ie.edgepath: , ie.ensureCleanSession: false, ie.fileUploadDialogTimeout: 3000, ie.forceCreateProcessApi: false, ignoreProtectedModeSettings: true, ignoreZoomSetting: true, initialBrowserUrl: http://localhost:17587/, nativeEvents: false, requireWindowFocus: true}, setWindowRect: true, strictFileInteractability: false, timeouts: {implicit: 0, pageLoad: 300000, script: 30000}, unhandledPromptBehavior: dismiss and notify}
Session ID: 9f7c702c-746b-4753-9cfc-db89fad10abd">
      <![CDATA[org.openqa.selenium.ElementNotInteractableException: Element is not displayed
Build info: version: '4.0.0-alpha-3', revision: '8c567de6dc'
System info: host: 'LHTU05CG4472DYW', ip: '10.129.128.28', os.name: 'Windows 10', os.arch: 'amd64', os.version: '10.0', java.version: '1.8.0_261'
Driver info: org.openqa.selenium.ie.InternetExplorerDriver
Capabilities {acceptInsecureCerts: false, browserName: internet explorer, browserVersion: 11, javascriptEnabled: true, pageLoadStrategy: normal, platform: WINDOWS, platformName: WINDOWS, proxy: Proxy(), se:ieOptions: {browserAttachTimeout: 0, elementScrollBehavior: 0, enablePersistentHover: false, ie.browserCommandLineSwitches: , ie.edgechromium: false, ie.edgepath: , ie.ensureCleanSession: false, ie.fileUploadDialogTimeout: 3000, ie.forceCreateProcessApi: false, ignoreProtectedModeSettings: true, ignoreZoomSetting: true, initialBrowserUrl: http://localhost:17587/, nativeEvents: false, requireWindowFocus: true}, setWindowRect: true, strictFileInteractability: false, timeouts: {implicit: 0, pageLoad: 300000, script: 30000}, unhandledPromptBehavior: dismiss and notify}
Session ID: 9f7c702c-746b-4753-9cfc-db89fad10abd
at org.openqa.selenium.remote.codec.w3c.W3CHttpResponseCodec.createException(W3CHttpResponseCodec.java:191)
at org.openqa.selenium.remote.codec.w3c.W3CHttpResponseCodec.decode(W3CHttpResponseCodec.java:125)
at org.openqa.selenium.remote.codec.w3c.W3CHttpResponseCodec.decode(W3CHttpResponseCodec.java:52)
at org.openqa.selenium.remote.HttpCommandExecutor.execute(HttpCommandExecutor.java:161)
at org.openqa.selenium.remote.service.DriverCommandExecutor.execute(DriverCommandExecutor.java:83)
at org.openqa.selenium.remote.RemoteWebDriver.execute(RemoteWebDriver.java:576)
at org.openqa.selenium.remote.RemoteWebElement.execute(RemoteWebElement.java:308)
at org.openqa.selenium.remote.RemoteWebElement.click(RemoteWebElement.java:83)
at com.cet.pagerepositery.UserAdminAddUserPage.selectDialingTeam(UserAdminAddUserPage.java:487)
at com.cet.indts.UserAdminEditUserTest.verifyErrorTextForNoDialingTeam(UserAdminEditUserTest.java:103)
at java.util.ArrayList.forEach(Unknown Source)
... Removed 31 stack frames]]>
    </failure>
  </testcase> <!-- verifyErrorTextForNoDialingTeam -->
  <testcase name="verifyErrorTextForNoDialingMethod" time="16.504" classname="com.cet.indts.UserAdminEditUserTest"/>
  <testcase name="verifyErrorTextForNoLanguage" time="21.135" classname="com.cet.indts.UserAdminEditUserTest"/>
  <testcase name="verifyRestMsgLanguage" time="23.157" classname="com.cet.indts.UserAdminEditUserTest">
    <failure type="java.lang.NullPointerException">
      <![CDATA[java.lang.NullPointerException
at com.cet.pagerepositery.UserAdminEditUserPage.expLanguage(UserAdminEditUserPage.java:106)
at com.cet.indts.UserAdminEditUserTest.verifyRestMsgLanguage(UserAdminEditUserTest.java:172)
at java.util.ArrayList.forEach(Unknown Source)
... Removed 27 stack frames]]>
    </failure>
  </testcase> <!-- verifyRestMsgLanguage -->
  <testcase name="verifyResetMsgDialingMethod" time="11.469" classname="com.cet.indts.UserAdminEditUserTest">
    <failure type="java.lang.NullPointerException">
      <![CDATA[java.lang.NullPointerException
at com.cet.pagerepositery.UserAdminEditUserPage.expDialingMethos(UserAdminEditUserPage.java:100)
at com.cet.indts.UserAdminEditUserTest.verifyResetMsgDialingMethod(UserAdminEditUserTest.java:192)
at java.util.ArrayList.forEach(Unknown Source)
... Removed 27 stack frames]]>
    </failure>
  </testcase> <!-- verifyResetMsgDialingMethod -->
  <testcase name="verifyResetMsgDialingTeam" time="46.885" classname="com.cet.indts.UserAdminEditUserTest">
    <failure type="org.openqa.selenium.ElementNotInteractableException" message="Element is not displayed
Build info: version: &amp;apos;4.0.0-alpha-3&amp;apos;, revision: &amp;apos;8c567de6dc&amp;apos;
System info: host: &amp;apos;LHTU05CG4472DYW&amp;apos;, ip: &amp;apos;10.129.128.28&amp;apos;, os.name: &amp;apos;Windows 10&amp;apos;, os.arch: &amp;apos;amd64&amp;apos;, os.version: &amp;apos;10.0&amp;apos;, java.version: &amp;apos;1.8.0_261&amp;apos;
Driver info: org.openqa.selenium.ie.InternetExplorerDriver
Capabilities {acceptInsecureCerts: false, browserName: internet explorer, browserVersion: 11, javascriptEnabled: true, pageLoadStrategy: normal, platform: WINDOWS, platformName: WINDOWS, proxy: Proxy(), se:ieOptions: {browserAttachTimeout: 0, elementScrollBehavior: 0, enablePersistentHover: false, ie.browserCommandLineSwitches: , ie.edgechromium: false, ie.edgepath: , ie.ensureCleanSession: false, ie.fileUploadDialogTimeout: 3000, ie.forceCreateProcessApi: false, ignoreProtectedModeSettings: true, ignoreZoomSetting: true, initialBrowserUrl: http://localhost:17587/, nativeEvents: false, requireWindowFocus: true}, setWindowRect: true, strictFileInteractability: false, timeouts: {implicit: 0, pageLoad: 300000, script: 30000}, unhandledPromptBehavior: dismiss and notify}
Session ID: 9f7c702c-746b-4753-9cfc-db89fad10abd">
      <![CDATA[org.openqa.selenium.ElementNotInteractableException: Element is not displayed
Build info: version: '4.0.0-alpha-3', revision: '8c567de6dc'
System info: host: 'LHTU05CG4472DYW', ip: '10.129.128.28', os.name: 'Windows 10', os.arch: 'amd64', os.version: '10.0', java.version: '1.8.0_261'
Driver info: org.openqa.selenium.ie.InternetExplorerDriver
Capabilities {acceptInsecureCerts: false, browserName: internet explorer, browserVersion: 11, javascriptEnabled: true, pageLoadStrategy: normal, platform: WINDOWS, platformName: WINDOWS, proxy: Proxy(), se:ieOptions: {browserAttachTimeout: 0, elementScrollBehavior: 0, enablePersistentHover: false, ie.browserCommandLineSwitches: , ie.edgechromium: false, ie.edgepath: , ie.ensureCleanSession: false, ie.fileUploadDialogTimeout: 3000, ie.forceCreateProcessApi: false, ignoreProtectedModeSettings: true, ignoreZoomSetting: true, initialBrowserUrl: http://localhost:17587/, nativeEvents: false, requireWindowFocus: true}, setWindowRect: true, strictFileInteractability: false, timeouts: {implicit: 0, pageLoad: 300000, script: 30000}, unhandledPromptBehavior: dismiss and notify}
Session ID: 9f7c702c-746b-4753-9cfc-db89fad10abd
at org.openqa.selenium.remote.codec.w3c.W3CHttpResponseCodec.createException(W3CHttpResponseCodec.java:191)
at org.openqa.selenium.remote.codec.w3c.W3CHttpResponseCodec.decode(W3CHttpResponseCodec.java:125)
at org.openqa.selenium.remote.codec.w3c.W3CHttpResponseCodec.decode(W3CHttpResponseCodec.java:52)
at org.openqa.selenium.remote.HttpCommandExecutor.execute(HttpCommandExecutor.java:161)
at org.openqa.selenium.remote.service.DriverCommandExecutor.execute(DriverCommandExecutor.java:83)
at org.openqa.selenium.remote.RemoteWebDriver.execute(RemoteWebDriver.java:576)
at org.openqa.selenium.remote.RemoteWebElement.execute(RemoteWebElement.java:308)
at org.openqa.selenium.remote.RemoteWebElement.click(RemoteWebElement.java:83)
at com.cet.pagerepositery.UserAdminAddUserPage.selectDialingTeam(UserAdminAddUserPage.java:487)
at com.cet.indts.UserAdminEditUserTest.verifyResetMsgDialingTeam(UserAdminEditUserTest.java:201)
at java.util.ArrayList.forEach(Unknown Source)
... Removed 31 stack frames]]>
    </failure>
  </testcase> <!-- verifyResetMsgDialingTeam -->
  <testcase name="editUncheckAssignWork" time="77.172" classname="com.cet.indts.UserAdminEditUserTest"/>
  <testcase name="editcheckAssignWork" time="79.021" classname="com.cet.indts.UserAdminEditUserTest"/>
  <testcase name="editSelectInactive" time="79.803" classname="com.cet.indts.UserAdminEditUserTest"/>
  <testcase name="editSelectActive" time="72.598" classname="com.cet.indts.UserAdminEditUserTest"/>
  <testcase name="editSelectLanguage" time="96.558" classname="com.cet.indts.UserAdminEditUserTest"/>
  <testcase name="verifyEditCancelBtnNavigation" time="8.086" classname="com.cet.indts.UserAdminEditUserTest"/>
  <testcase name="verifyTitle" time="0.148" classname="com.cet.indts.UserAdminViewUserTest"/>
  <testcase name="verifyLabelsOnViewUser" time="19.711" classname="com.cet.indts.UserAdminViewUserTest"/>
  <testcase name="verifyFieldEnabledstatus" time="29.357" classname="com.cet.indts.UserAdminViewUserTest"/>
  <testcase name="verifyValueWithDB" time="21.832" classname="com.cet.indts.UserAdminViewUserTest">
    <failure type="java.lang.NullPointerException">
      <![CDATA[java.lang.NullPointerException
at com.cet.pagerepositery.ViewUserPage.expDialingTeam(ViewUserPage.java:64)
at com.cet.indts.UserAdminViewUserTest.verifyValueWithDB(UserAdminViewUserTest.java:156)
at java.util.ArrayList.forEach(Unknown Source)
... Removed 27 stack frames]]>
    </failure>
  </testcase> <!-- verifyValueWithDB -->
  <testcase name="verifyViewCancelBtnNavigation" time="8.157" classname="com.cet.indts.UserAdminViewUserTest"/>
  <testcase name="@AfterSuite removeExtent" time="0.0" classname="com.cet.intit.Base">
    <ignored/>
  </testcase> <!-- @AfterSuite removeExtent -->
  <testcase name="@AfterSuite removeExtent" time="0.0" classname="com.cet.intit.Base">
    <ignored/>
  </testcase> <!-- @AfterSuite removeExtent -->
  <testcase name="@BeforeSuite setExtent" time="0.0" classname="com.cet.intit.Base">
    <ignored/>
  </testcase> <!-- @BeforeSuite setExtent -->
  <testcase name="@BeforeSuite setExtent" time="0.0" classname="com.cet.intit.Base">
    <ignored/>
  </testcase> <!-- @BeforeSuite setExtent -->
</testsuite> <!-- INDTS-UserAdminTest -->
