<?xml version="1.0" encoding="UTF-8"?>
<!-- Generated by org.testng.reporters.JUnitXMLReporter -->
<testsuite hostname="LHTU05CG4472DYW" ignored="5" name="PHD-SearchTest" tests="72" failures="2" timestamp="2020-12-15T20:51:28 IST" time="581.291" errors="0">
  <testcase name="agentIdSearch_PHD_Test" time="19.6" classname="com.cet.phd.PhdSearch_Test"/>
  <testcase name="campaignFocusSearch_PHD_Test" time="23.76" classname="com.cet.phd.PhdSearch_Test"/>
  <testcase name="taskStatusSearch_PHD_Test" time="23.528" classname="com.cet.phd.PhdSearch_Test"/>
  <testcase name="jobNameSearch_PHD_Test" time="21.363" classname="com.cet.phd.PhdSearch_Test"/>
  <testcase name="agentFirstNameSearch_PHD_Test" time="21.825" classname="com.cet.phd.PhdSearch_Test"/>
  <testcase name="agentLastNameSearch_PHD_Test" time="20.957" classname="com.cet.phd.PhdSearch_Test"/>
  <testcase name="phoneNumberSearch_PHD_Test" time="22.062" classname="com.cet.phd.PhdSearch_Test"/>
  <testcase name="agentNameSearch_PHD_Test" time="35.199" classname="com.cet.phd.PhdSearch_Test"/>
  <testcase name="fullSearch_PHD_Test" time="55.863" classname="com.cet.phd.PhdSearch_Test"/>
  <testcase name="tastTypeSearch_PHD_DefaultTest" time="2.346" classname="com.cet.phd.PhdSearch_Test"/>
  <testcase name="dialingMethodSearch_PHD_DefaultTest" time="2.004" classname="com.cet.phd.PhdSearch_Test">
    <failure type="java.lang.AssertionError" message="Failed-Default Dialing Method value is Varied! expected [Manual] but found [Select]">
      <![CDATA[java.lang.AssertionError: Failed-Default Dialing Method value is Varied! expected [Manual] but found [Select]
at com.cet.phd.PhdSearch_Test.dialingMethodSearch_PHD_DefaultTest(PhdSearch_Test.java:175)
at java.util.ArrayList.forEach(Unknown Source)
... Removed 31 stack frames]]>
    </failure>
  </testcase> <!-- dialingMethodSearch_PHD_DefaultTest -->
  <testcase name="editButtonEnabled_Test" time="2.945" classname="com.cet.phd.PhdSearchEdit_Test"/>
  <testcase name="agentId_Edit_Test" time="8.685" classname="com.cet.phd.PhdSearchEdit_Test"/>
  <testcase name="agentFirstName_Edit_Test" time="1.35" classname="com.cet.phd.PhdSearchEdit_Test"/>
  <testcase name="agentLastName_Edit_Test" time="1.359" classname="com.cet.phd.PhdSearchEdit_Test"/>
  <testcase name="agentPrimaryPhoneNumber_Edit_Test" time="1.33" classname="com.cet.phd.PhdSearchEdit_Test"/>
  <testcase name="agentSecondaryPhoneNumber_Edit_Test" time="50.152" classname="com.cet.phd.PhdSearchEdit_Test"/>
  <testcase name="agencyName_Edit_Test" time="1.488" classname="com.cet.phd.PhdSearchEdit_Test"/>
  <testcase name="market_Edit_Test" time="1.375" classname="com.cet.phd.PhdSearchEdit_Test"/>
  <testcase name="agentManagerEmail_Edit_Test" time="1.414" classname="com.cet.phd.PhdSearchEdit_Test"/>
  <testcase name="agentManagerFirstName_Edit_Test" time="1.452" classname="com.cet.phd.PhdSearchEdit_Test"/>
  <testcase name="agentManagerLastName_Edit_Test" time="1.365" classname="com.cet.phd.PhdSearchEdit_Test"/>
  <testcase name="agentManagerPhoneNumber_Edit_Test" time="1.359" classname="com.cet.phd.PhdSearchEdit_Test"/>
  <testcase name="agentState_Edit_Test" time="1.357" classname="com.cet.phd.PhdSearchEdit_Test"/>
  <testcase name="language_Edit_Test" time="1.347" classname="com.cet.phd.PhdSearchEdit_Test"/>
  <testcase name="ssrAssigned_Edit_Test" time="1.47" classname="com.cet.phd.PhdSearchEdit_Test"/>
  <testcase name="ssrSupervisor_Edit_Test" time="1.359" classname="com.cet.phd.PhdSearchEdit_Test"/>
  <testcase name="other_Edit_Test" time="1.355" classname="com.cet.phd.PhdSearchEdit_Test"/>
  <testcase name="taskId_Edit_Test" time="1.349" classname="com.cet.phd.PhdSearchEdit_Test"/>
  <testcase name="taskType_Edit_Test" time="1.291" classname="com.cet.phd.PhdSearchEdit_Test"/>
  <testcase name="campaignDescription_Edit_Test" time="1.49" classname="com.cet.phd.PhdSearchEdit_Test"/>
  <testcase name="jobName_Edit_Test" time="1.394" classname="com.cet.phd.PhdSearchEdit_Test"/>
  <testcase name="createdDate_Edit_Test" time="1.285" classname="com.cet.phd.PhdSearchEdit_Test"/>
  <testcase name="taskStatus_Edit_Test" time="1.334" classname="com.cet.phd.PhdSearchEdit_Test"/>
  <testcase name="scheduledDate_Edit_Test" time="1.258" classname="com.cet.phd.PhdSearchEdit_Test"/>
  <testcase name="taskLanguage_Edit_Test" time="0.892" classname="com.cet.phd.PhdSearchEdit_Test"/>
  <testcase name="selectDisposition_Edit_Test" time="3.113" classname="com.cet.phd.PhdSearchEdit_Test"/>
  <testcase name="addNotes_Edit_Test" time="4.701" classname="com.cet.phd.PhdSearchEdit_Test"/>
  <testcase name="editButtonDisabled_Test" time="2.229" classname="com.cet.phd.PhdSearch_View_Test"/>
  <testcase name="agentIdSearch_PHD_View_Test" time="14.696" classname="com.cet.phd.PhdSearch_View_Test"/>
  <testcase name="agentId_View_Test" time="38.464" classname="com.cet.phd.PhdSearch_View_Test"/>
  <testcase name="agentFirstName_View__Test" time="1.89" classname="com.cet.phd.PhdSearch_View_Test"/>
  <testcase name="agentLastName_View__Test" time="1.771" classname="com.cet.phd.PhdSearch_View_Test"/>
  <testcase name="agentPrimaryPhoneNumber_View__Test" time="2.123" classname="com.cet.phd.PhdSearch_View_Test"/>
  <testcase name="agentSecondaryPhoneNumber_View__Test" time="50.133" classname="com.cet.phd.PhdSearch_View_Test"/>
  <testcase name="agencyName_View__Test" time="1.446" classname="com.cet.phd.PhdSearch_View_Test"/>
  <testcase name="market_View__Test" time="1.319" classname="com.cet.phd.PhdSearch_View_Test"/>
  <testcase name="agentManagerEmail_View__Test" time="1.327" classname="com.cet.phd.PhdSearch_View_Test"/>
  <testcase name="agentManagerFirstName_View__Test" time="1.376" classname="com.cet.phd.PhdSearch_View_Test"/>
  <testcase name="agentManagerLastName_View__Test" time="1.34" classname="com.cet.phd.PhdSearch_View_Test"/>
  <testcase name="agentManagerPhoneNumber_View__Test" time="1.316" classname="com.cet.phd.PhdSearch_View_Test"/>
  <testcase name="agentState_View__Test" time="1.408" classname="com.cet.phd.PhdSearch_View_Test"/>
  <testcase name="language_View__Test" time="1.373" classname="com.cet.phd.PhdSearch_View_Test"/>
  <testcase name="ssrAssigned_View__Test" time="1.38" classname="com.cet.phd.PhdSearch_View_Test"/>
  <testcase name="ssrSupervisor_View__Test" time="1.37" classname="com.cet.phd.PhdSearch_View_Test"/>
  <testcase name="other_View__Test" time="1.334" classname="com.cet.phd.PhdSearch_View_Test"/>
  <testcase name="taskHistory_JobName_View__Test" time="1.025" classname="com.cet.phd.PhdSearch_View_Test"/>
  <testcase name="taskHistory_Disposition_View__Test" time="0.993" classname="com.cet.phd.PhdSearch_View_Test"/>
  <testcase name="taskHistory_AttemptDate_View__Test" time="1.018" classname="com.cet.phd.PhdSearch_View_Test"/>
  <testcase name="taskHistory_AttemptCount_View__Test" time="0.986" classname="com.cet.phd.PhdSearch_View_Test"/>
  <testcase name="taskHistory_User_View__Test" time="0.966" classname="com.cet.phd.PhdSearch_View_Test"/>
  <testcase name="taskHistory_User_Notes__Test" time="0.964" classname="com.cet.phd.PhdSearch_View_Test"/>
  <testcase name="taskId_View__Test" time="1.394" classname="com.cet.phd.PhdSearch_View_Test"/>
  <testcase name="taskType_View__Test" time="1.295" classname="com.cet.phd.PhdSearch_View_Test"/>
  <testcase name="campaignDescription_View__Test" time="1.36" classname="com.cet.phd.PhdSearch_View_Test"/>
  <testcase name="jobName_View__Test" time="1.283" classname="com.cet.phd.PhdSearch_View_Test"/>
  <testcase name="createdDate_View__Test" time="1.339" classname="com.cet.phd.PhdSearch_View_Test"/>
  <testcase name="taskStatus_View__Test" time="1.284" classname="com.cet.phd.PhdSearch_View_Test"/>
  <testcase name="scheduledDate_View__Test" time="1.345" classname="com.cet.phd.PhdSearch_View_Test"/>
  <testcase name="taskLanguage_View__Test" time="0.891" classname="com.cet.phd.PhdSearch_View_Test">
    <failure type="java.lang.AssertionError" message="Failed:Edit Search Page tasklanguage Varied! expected [English,Mandarin,Spanish] but found [English, Spanish, Mandarin]">
      <![CDATA[java.lang.AssertionError: Failed:Edit Search Page tasklanguage Varied! expected [English,Mandarin,Spanish] but found [English, Spanish, Mandarin]
at com.cet.phd.PhdSearch_View_Test.taskLanguage_View__Test(PhdSearch_View_Test.java:334)
at java.util.ArrayList.forEach(Unknown Source)
... Removed 31 stack frames]]>
    </failure>
  </testcase> <!-- taskLanguage_View__Test -->
  <testcase name="selectDisposition_View__Test" time="3.683" classname="com.cet.phd.PhdSearch_View_Test"/>
  <testcase name="addNotes_View__Test" time="2.292" classname="com.cet.phd.PhdSearch_View_Test"/>
  <testcase name="@AfterSuite removeExtent" time="0.0" classname="com.cet.intit.Base">
    <ignored/>
  </testcase> <!-- @AfterSuite removeExtent -->
  <testcase name="@AfterSuite removeExtent" time="0.0" classname="com.cet.intit.Base">
    <ignored/>
  </testcase> <!-- @AfterSuite removeExtent -->
  <testcase name="@BeforeSuite setExtent" time="0.0" classname="com.cet.intit.Base">
    <ignored/>
  </testcase> <!-- @BeforeSuite setExtent -->
  <testcase name="@BeforeSuite setExtent" time="0.0" classname="com.cet.intit.Base">
    <ignored/>
  </testcase> <!-- @BeforeSuite setExtent -->
  <testcase name="saveAndClose_Edit_Test" time="0.0" classname="com.cet.phd.PhdSearchEdit_Test">
    <ignored/>
  </testcase> <!-- saveAndClose_Edit_Test -->
</testsuite> <!-- PHD-SearchTest -->
