<?xml version="1.0" encoding="UTF-8"?>
<!-- Generated by org.testng.reporters.JUnitXMLReporter -->
<testsuite hostname="LHTU05CG4472DYW" ignored="4" name="PHD-HomeTest" tests="46" failures="0" timestamp="2020-12-15T20:35:29 IST" time="270.765" errors="0">
  <testcase name="nextScheduledTableHeader_Test" time="1.102" classname="com.cet.phd.PhdHome_Test"/>
  <testcase name="homeJobName_Test" time="1.02" classname="com.cet.phd.PhdHome_Test"/>
  <testcase name="homeTaskType_Test" time="1.003" classname="com.cet.phd.PhdHome_Test"/>
  <testcase name="homeScheduledDate_Test" time="0.99" classname="com.cet.phd.PhdHome_Test"/>
  <testcase name="homeLastAttempttDate_Test" time="1.805" classname="com.cet.phd.PhdHome_Test"/>
  <testcase name="homeAttemptCount_Test" time="0.957" classname="com.cet.phd.PhdHome_Test"/>
  <testcase name="nextScheduledTableHeader_Test" time="0.889" classname="com.cet.phd.PhdHome_Test"/>
  <testcase name="homeJobName_Test" time="1.061" classname="com.cet.phd.PhdHome_Test"/>
  <testcase name="homeTaskType_Test" time="1.091" classname="com.cet.phd.PhdHome_Test"/>
  <testcase name="homeScheduledDate_Test" time="1.046" classname="com.cet.phd.PhdHome_Test"/>
  <testcase name="homeLastAttempttDate_Test" time="1.834" classname="com.cet.phd.PhdHome_Test"/>
  <testcase name="homeAttemptCount_Test" time="0.976" classname="com.cet.phd.PhdHome_Test"/>
  <testcase name="nextScheduledTableHeader_Test" time="0.881" classname="com.cet.phd.PhdHome_Test"/>
  <testcase name="homeJobName_Test" time="0.973" classname="com.cet.phd.PhdHome_Test"/>
  <testcase name="homeTaskType_Test" time="1.012" classname="com.cet.phd.PhdHome_Test"/>
  <testcase name="homeScheduledDate_Test" time="1.016" classname="com.cet.phd.PhdHome_Test"/>
  <testcase name="homeLastAttempttDate_Test" time="1.88" classname="com.cet.phd.PhdHome_Test"/>
  <testcase name="homeAttemptCount_Test" time="0.916" classname="com.cet.phd.PhdHome_Test"/>
  <testcase name="nextScheduledTableHeader_Test" time="0.893" classname="com.cet.phd.PhdHome_Test"/>
  <testcase name="homeJobName_Test" time="0.974" classname="com.cet.phd.PhdHome_Test"/>
  <testcase name="homeTaskType_Test" time="0.942" classname="com.cet.phd.PhdHome_Test"/>
  <testcase name="homeScheduledDate_Test" time="0.943" classname="com.cet.phd.PhdHome_Test"/>
  <testcase name="homeLastAttempttDate_Test" time="1.893" classname="com.cet.phd.PhdHome_Test"/>
  <testcase name="homeAttemptCount_Test" time="0.972" classname="com.cet.phd.PhdHome_Test"/>
  <testcase name="nextScheduledTableHeader_Test" time="0.89" classname="com.cet.phd.PhdHome_Test"/>
  <testcase name="homeJobName_Test" time="0.98" classname="com.cet.phd.PhdHome_Test"/>
  <testcase name="homeTaskType_Test" time="0.937" classname="com.cet.phd.PhdHome_Test"/>
  <testcase name="homeScheduledDate_Test" time="0.939" classname="com.cet.phd.PhdHome_Test"/>
  <testcase name="homeLastAttempttDate_Test" time="1.855" classname="com.cet.phd.PhdHome_Test"/>
  <testcase name="homeAttemptCount_Test" time="0.912" classname="com.cet.phd.PhdHome_Test"/>
  <testcase name="englishSkillCount_Test" time="1.015" classname="com.cet.phd.PhdHomeSkillAssigned_Test"/>
  <testcase name="koreanSkillCount_Test" time="1.936" classname="com.cet.phd.PhdHomeSkillAssigned_Test"/>
  <testcase name="cantoneseSkillCount_Test" time="1.005" classname="com.cet.phd.PhdHomeSkillAssigned_Test"/>
  <testcase name="frenchSkillCount_Test" time="1.012" classname="com.cet.phd.PhdHomeSkillAssigned_Test"/>
  <testcase name="mandarinSkillCount_Test" time="2.3" classname="com.cet.phd.PhdHomeSkillAssigned_Test"/>
  <testcase name="vietnameseSkillCount_Test" time="0.949" classname="com.cet.phd.PhdHomeSkillAssigned_Test"/>
  <testcase name="spanishSkillCount_Test" time="0.994" classname="com.cet.phd.PhdHomeSkillAssigned_Test"/>
  <testcase name="tagalogSkillCount_Test" time="0.969" classname="com.cet.phd.PhdHomeSkillAssigned_Test"/>
  <testcase name="englishSkillCount_OnlyNotAssigned_Test" time="1.216" classname="com.cet.phd.PhdHomeSkillOnlyNotAssigned_Test"/>
  <testcase name="koreanSkillCount_OnlyNotAssigned_Test" time="1.007" classname="com.cet.phd.PhdHomeSkillOnlyNotAssigned_Test"/>
  <testcase name="cantoneseSkillCount_OnlyNotAssigned_Test" time="1.0" classname="com.cet.phd.PhdHomeSkillOnlyNotAssigned_Test"/>
  <testcase name="frenchSkillCount_OnlyNotAssigned_Test" time="0.989" classname="com.cet.phd.PhdHomeSkillOnlyNotAssigned_Test"/>
  <testcase name="mandarinSkillCount_OnlyNotAssigned_Test" time="1.008" classname="com.cet.phd.PhdHomeSkillOnlyNotAssigned_Test"/>
  <testcase name="vietnameseSkillCount_OnlyNotAssigned_Test" time="0.877" classname="com.cet.phd.PhdHomeSkillOnlyNotAssigned_Test"/>
  <testcase name="spanishSkillCount_OnlyNotAssigned_Test" time="0.894" classname="com.cet.phd.PhdHomeSkillOnlyNotAssigned_Test"/>
  <testcase name="tagalogSkillCount_OnlyNotAssigned_Test" time="0.968" classname="com.cet.phd.PhdHomeSkillOnlyNotAssigned_Test"/>
  <testcase name="@AfterSuite removeExtent" time="0.0" classname="com.cet.intit.Base">
    <ignored/>
  </testcase> <!-- @AfterSuite removeExtent -->
  <testcase name="@AfterSuite removeExtent" time="0.0" classname="com.cet.intit.Base">
    <ignored/>
  </testcase> <!-- @AfterSuite removeExtent -->
  <testcase name="@BeforeSuite setExtent" time="0.0" classname="com.cet.intit.Base">
    <ignored/>
  </testcase> <!-- @BeforeSuite setExtent -->
  <testcase name="@BeforeSuite setExtent" time="0.0" classname="com.cet.intit.Base">
    <ignored/>
  </testcase> <!-- @BeforeSuite setExtent -->
</testsuite> <!-- PHD-HomeTest -->
