<?xml version="1.0" encoding="UTF-8"?>
<!-- Generated by org.testng.reporters.JUnitXMLReporter -->
<testsuite hostname="LHTU05CG4472DYW" ignored="0" name="AdditionalHouseHold-Test" tests="15" failures="0" timestamp="2020-12-05T19:36:45 IST" time="45.508" errors="0">
  <testcase name="additionalHouseHoldMembersCountTest" time="4.918" classname="com.cet.INDTSAdditionalHouseHold_Test"/>
  <testcase name="additionalHouseHoldMembersFirstNameTest" time="1.154" classname="com.cet.INDTSAdditionalHouseHold_Test"/>
  <testcase name="additionalHouseHoldMembersLasttNameTest" time="1.065" classname="com.cet.INDTSAdditionalHouseHold_Test"/>
  <testcase name="additionalHouseHoldMembersCountTest" time="0.002" classname="com.cet.INDTSAdditionalHouseHold_Test"/>
  <testcase name="additionalHouseHoldMembersFirstNameTest" time="1.079" classname="com.cet.INDTSAdditionalHouseHold_Test"/>
  <testcase name="additionalHouseHoldMembersLasttNameTest" time="1.164" classname="com.cet.INDTSAdditionalHouseHold_Test"/>
  <testcase name="additionalHouseHoldMembersCountTest" time="0.002" classname="com.cet.INDTSAdditionalHouseHold_Test"/>
  <testcase name="additionalHouseHoldMembersFirstNameTest" time="1.147" classname="com.cet.INDTSAdditionalHouseHold_Test"/>
  <testcase name="additionalHouseHoldMembersLasttNameTest" time="1.246" classname="com.cet.INDTSAdditionalHouseHold_Test"/>
  <testcase name="nextAdditionalHouseHoldMembersFirstNameTest" time="1.3" classname="com.cet.INDTSNextAdditionalHouseHold_Test"/>
  <testcase name="nextAdditionalHouseHoldMembersLastNameTest" time="0.89" classname="com.cet.INDTSNextAdditionalHouseHold_Test"/>
  <testcase name="nextAdditionalHouseHoldMembersFirstNameTest" time="0.854" classname="com.cet.INDTSNextAdditionalHouseHold_Test"/>
  <testcase name="nextAdditionalHouseHoldMembersLastNameTest" time="0.867" classname="com.cet.INDTSNextAdditionalHouseHold_Test"/>
  <testcase name="nextAdditionalHouseHoldMembersFirstNameTest" time="0.002" classname="com.cet.INDTSNextAdditionalHouseHold_Test"/>
  <testcase name="nextAdditionalHouseHoldMembersLastNameTest" time="0.002" classname="com.cet.INDTSNextAdditionalHouseHold_Test"/>
</testsuite> <!-- AdditionalHouseHold-Test -->
