<?xml version="1.0" encoding="UTF-8"?>
<!-- Generated by org.testng.reporters.JUnitXMLReporter -->
<testsuite hostname="LHTU05CG4472DYW" ignored="1" name="GPRTS_AdditionalHouseHold-Test" tests="15" failures="0" timestamp="2020-12-12T20:04:50 IST" time="146.797" errors="0">
  <testcase name="additionalHouseHoldMembersCount_GPRTSTest" time="6.098" classname="com.cet.GPRTS_AdditionalHouseHold_Test"/>
  <testcase name="additionalHouseHoldMembersFirstName_GPRTSTest" time="1.23" classname="com.cet.GPRTS_AdditionalHouseHold_Test"/>
  <testcase name="additionalHouseHoldMembersLasttName_GPRTSTest" time="1.226" classname="com.cet.GPRTS_AdditionalHouseHold_Test"/>
  <testcase name="additionalHouseHoldMembersCount_GPRTSTest" time="0.001" classname="com.cet.GPRTS_AdditionalHouseHold_Test"/>
  <testcase name="additionalHouseHoldMembersFirstName_GPRTSTest" time="1.132" classname="com.cet.GPRTS_AdditionalHouseHold_Test"/>
  <testcase name="additionalHouseHoldMembersLasttName_GPRTSTest" time="1.119" classname="com.cet.GPRTS_AdditionalHouseHold_Test"/>
  <testcase name="additionalHouseHoldMembersCount_GPRTSTest" time="0.001" classname="com.cet.GPRTS_AdditionalHouseHold_Test"/>
  <testcase name="additionalHouseHoldMembersFirstName_GPRTSTest" time="1.204" classname="com.cet.GPRTS_AdditionalHouseHold_Test"/>
  <testcase name="additionalHouseHoldMembersLasttName_GPRTSTest" time="1.161" classname="com.cet.GPRTS_AdditionalHouseHold_Test"/>
  <testcase name="nextAdditionalHouseHoldMembersFirstName_GPRTSTest" time="1.804" classname="com.cet.GPRTS_NextAdditionalHouseHold_Test"/>
  <testcase name="nextAdditionalHouseHoldMembersLastName_GPRTSTest" time="1.045" classname="com.cet.GPRTS_NextAdditionalHouseHold_Test"/>
  <testcase name="nextAdditionalHouseHoldMembersFirstName_GPRTSTest" time="0.002" classname="com.cet.GPRTS_NextAdditionalHouseHold_Test"/>
  <testcase name="nextAdditionalHouseHoldMembersLastName_GPRTSTest" time="0.002" classname="com.cet.GPRTS_NextAdditionalHouseHold_Test"/>
  <testcase name="nextAdditionalHouseHoldMembersFirstName_GPRTSTest" time="0.89" classname="com.cet.GPRTS_NextAdditionalHouseHold_Test"/>
  <testcase name="nextAdditionalHouseHoldMembersLastName_GPRTSTest" time="0.863" classname="com.cet.GPRTS_NextAdditionalHouseHold_Test"/>
  <testcase name="@BeforeSuite PhdTeamSelection" time="0.0" classname="com.cet.intit.Base">
    <ignored/>
  </testcase> <!-- @BeforeSuite PhdTeamSelection -->
</testsuite> <!-- GPRTS_AdditionalHouseHold-Test -->
