<?xml version="1.0" encoding="UTF-8"?>
<!-- Generated by org.testng.reporters.JUnitXMLReporter -->
<testsuite hostname="LHTU05CG4472DYW" ignored="2" name="INDTS_AdditionalHouseHold-Test" tests="15" failures="0" timestamp="2020-12-15T19:09:00 IST" time="145.734" errors="0">
  <testcase name="additionalHouseHoldMembersCount_INDTSTest" time="11.42" classname="com.cet.INDTSAdditionalHouseHold_Test"/>
  <testcase name="additionalHouseHoldMembersFirstName_INDTSTest" time="1.83" classname="com.cet.INDTSAdditionalHouseHold_Test"/>
  <testcase name="additionalHouseHoldMembersLasttName_INDTSTest" time="2.409" classname="com.cet.INDTSAdditionalHouseHold_Test"/>
  <testcase name="additionalHouseHoldMembersCount_INDTSTest" time="0.002" classname="com.cet.INDTSAdditionalHouseHold_Test"/>
  <testcase name="additionalHouseHoldMembersFirstName_INDTSTest" time="3.897" classname="com.cet.INDTSAdditionalHouseHold_Test"/>
  <testcase name="additionalHouseHoldMembersLasttName_INDTSTest" time="3.223" classname="com.cet.INDTSAdditionalHouseHold_Test"/>
  <testcase name="additionalHouseHoldMembersCount_INDTSTest" time="0.002" classname="com.cet.INDTSAdditionalHouseHold_Test"/>
  <testcase name="additionalHouseHoldMembersFirstName_INDTSTest" time="1.416" classname="com.cet.INDTSAdditionalHouseHold_Test"/>
  <testcase name="additionalHouseHoldMembersLasttName_INDTSTest" time="1.343" classname="com.cet.INDTSAdditionalHouseHold_Test"/>
  <testcase name="nextAdditionalHouseHoldMembersFirstName_INDTSTest" time="1.296" classname="com.cet.INDTSNextAdditionalHouseHold_Test"/>
  <testcase name="nextAdditionalHouseHoldMembersLastName_INDTSTest" time="1.066" classname="com.cet.INDTSNextAdditionalHouseHold_Test"/>
  <testcase name="nextAdditionalHouseHoldMembersFirstName_INDTSTest" time="1.084" classname="com.cet.INDTSNextAdditionalHouseHold_Test"/>
  <testcase name="nextAdditionalHouseHoldMembersLastName_INDTSTest" time="1.14" classname="com.cet.INDTSNextAdditionalHouseHold_Test"/>
  <testcase name="nextAdditionalHouseHoldMembersFirstName_INDTSTest" time="0.003" classname="com.cet.INDTSNextAdditionalHouseHold_Test"/>
  <testcase name="nextAdditionalHouseHoldMembersLastName_INDTSTest" time="0.002" classname="com.cet.INDTSNextAdditionalHouseHold_Test"/>
  <testcase name="@AfterSuite removeExtent" time="0.0" classname="com.cet.intit.Base">
    <ignored/>
  </testcase> <!-- @AfterSuite removeExtent -->
  <testcase name="@BeforeSuite setExtent" time="0.0" classname="com.cet.intit.Base">
    <ignored/>
  </testcase> <!-- @BeforeSuite setExtent -->
</testsuite> <!-- INDTS_AdditionalHouseHold-Test -->
