<?xml version="1.0" encoding="UTF-8"?>
<testng-results skipped="0" failed="4" ignored="12" total="172" passed="156">
  <reporter-output>
  </reporter-output>
  <suite name="PhdSuite" duration-ms="1795913" started-at="2020-12-18T15:46:41 IST" finished-at="2020-12-18T16:16:37 IST">
    <groups>
    </groups>
    <test name="PHD-HomeTest" duration-ms="296759" started-at="2020-12-18T15:46:41 IST" finished-at="2020-12-18T15:51:38 IST">
      <class name="com.cet.phd.PhdHomeSkillOnlyNotAssigned_Test">
        <test-method status="PASS" signature="addLanguage_Skill()[pri:0, instance:com.cet.phd.PhdHomeSkillOnlyNotAssigned_Test@2822c6ff]" name="addLanguage_Skill" is-config="true" duration-ms="27164" started-at="2020-12-18T15:49:52 IST" finished-at="2020-12-18T15:50:19 IST">
          <reporter-output>
          </reporter-output>
        </test-method> <!-- addLanguage_Skill -->
        <test-method status="PASS" signature="initializationPhd_HomeNotAssigned_Skill()[pri:0, instance:com.cet.phd.PhdHomeSkillOnlyNotAssigned_Test@2822c6ff]" name="initializationPhd_HomeNotAssigned_Skill" is-config="true" duration-ms="6474" started-at="2020-12-18T15:50:19 IST" finished-at="2020-12-18T15:50:26 IST">
          <reporter-output>
          </reporter-output>
        </test-method> <!-- initializationPhd_HomeNotAssigned_Skill -->
        <test-method status="PASS" signature="englishSkillCount_OnlyNotAssigned_Test()[pri:1, instance:com.cet.phd.PhdHomeSkillOnlyNotAssigned_Test@2822c6ff]" name="englishSkillCount_OnlyNotAssigned_Test" duration-ms="1615" started-at="2020-12-18T15:50:26 IST" finished-at="2020-12-18T15:50:27 IST">
          <reporter-output>
          </reporter-output>
        </test-method> <!-- englishSkillCount_OnlyNotAssigned_Test -->
        <test-method status="PASS" signature="closeBrowser()[pri:0, instance:com.cet.phd.PhdHomeSkillOnlyNotAssigned_Test@2822c6ff]" name="closeBrowser" is-config="true" duration-ms="0" started-at="2020-12-18T15:50:27 IST" finished-at="2020-12-18T15:50:27 IST">
          <reporter-output>
          </reporter-output>
        </test-method> <!-- closeBrowser -->
        <test-method status="PASS" signature="initializationPhd_HomeNotAssigned_Skill()[pri:0, instance:com.cet.phd.PhdHomeSkillOnlyNotAssigned_Test@2822c6ff]" name="initializationPhd_HomeNotAssigned_Skill" is-config="true" duration-ms="5443" started-at="2020-12-18T15:50:27 IST" finished-at="2020-12-18T15:50:33 IST">
          <reporter-output>
          </reporter-output>
        </test-method> <!-- initializationPhd_HomeNotAssigned_Skill -->
        <test-method status="PASS" signature="koreanSkillCount_OnlyNotAssigned_Test()[pri:2, instance:com.cet.phd.PhdHomeSkillOnlyNotAssigned_Test@2822c6ff]" name="koreanSkillCount_OnlyNotAssigned_Test" duration-ms="1395" started-at="2020-12-18T15:50:33 IST" finished-at="2020-12-18T15:50:34 IST">
          <reporter-output>
          </reporter-output>
        </test-method> <!-- koreanSkillCount_OnlyNotAssigned_Test -->
        <test-method status="PASS" signature="closeBrowser()[pri:0, instance:com.cet.phd.PhdHomeSkillOnlyNotAssigned_Test@2822c6ff]" name="closeBrowser" is-config="true" duration-ms="0" started-at="2020-12-18T15:50:34 IST" finished-at="2020-12-18T15:50:34 IST">
          <reporter-output>
          </reporter-output>
        </test-method> <!-- closeBrowser -->
        <test-method status="PASS" signature="initializationPhd_HomeNotAssigned_Skill()[pri:0, instance:com.cet.phd.PhdHomeSkillOnlyNotAssigned_Test@2822c6ff]" name="initializationPhd_HomeNotAssigned_Skill" is-config="true" duration-ms="6185" started-at="2020-12-18T15:50:34 IST" finished-at="2020-12-18T15:50:40 IST">
          <reporter-output>
          </reporter-output>
        </test-method> <!-- initializationPhd_HomeNotAssigned_Skill -->
        <test-method status="PASS" signature="cantoneseSkillCount_OnlyNotAssigned_Test()[pri:3, instance:com.cet.phd.PhdHomeSkillOnlyNotAssigned_Test@2822c6ff]" name="cantoneseSkillCount_OnlyNotAssigned_Test" duration-ms="1538" started-at="2020-12-18T15:50:40 IST" finished-at="2020-12-18T15:50:42 IST">
          <reporter-output>
          </reporter-output>
        </test-method> <!-- cantoneseSkillCount_OnlyNotAssigned_Test -->
        <test-method status="PASS" signature="closeBrowser()[pri:0, instance:com.cet.phd.PhdHomeSkillOnlyNotAssigned_Test@2822c6ff]" name="closeBrowser" is-config="true" duration-ms="0" started-at="2020-12-18T15:50:42 IST" finished-at="2020-12-18T15:50:42 IST">
          <reporter-output>
          </reporter-output>
        </test-method> <!-- closeBrowser -->
        <test-method status="PASS" signature="initializationPhd_HomeNotAssigned_Skill()[pri:0, instance:com.cet.phd.PhdHomeSkillOnlyNotAssigned_Test@2822c6ff]" name="initializationPhd_HomeNotAssigned_Skill" is-config="true" duration-ms="5220" started-at="2020-12-18T15:50:42 IST" finished-at="2020-12-18T15:50:47 IST">
          <reporter-output>
          </reporter-output>
        </test-method> <!-- initializationPhd_HomeNotAssigned_Skill -->
        <test-method status="PASS" signature="frenchSkillCount_OnlyNotAssigned_Test()[pri:4, instance:com.cet.phd.PhdHomeSkillOnlyNotAssigned_Test@2822c6ff]" name="frenchSkillCount_OnlyNotAssigned_Test" duration-ms="1483" started-at="2020-12-18T15:50:47 IST" finished-at="2020-12-18T15:50:49 IST">
          <reporter-output>
          </reporter-output>
        </test-method> <!-- frenchSkillCount_OnlyNotAssigned_Test -->
        <test-method status="PASS" signature="closeBrowser()[pri:0, instance:com.cet.phd.PhdHomeSkillOnlyNotAssigned_Test@2822c6ff]" name="closeBrowser" is-config="true" duration-ms="0" started-at="2020-12-18T15:50:49 IST" finished-at="2020-12-18T15:50:49 IST">
          <reporter-output>
          </reporter-output>
        </test-method> <!-- closeBrowser -->
        <test-method status="PASS" signature="initializationPhd_HomeNotAssigned_Skill()[pri:0, instance:com.cet.phd.PhdHomeSkillOnlyNotAssigned_Test@2822c6ff]" name="initializationPhd_HomeNotAssigned_Skill" is-config="true" duration-ms="5847" started-at="2020-12-18T15:50:49 IST" finished-at="2020-12-18T15:50:55 IST">
          <reporter-output>
          </reporter-output>
        </test-method> <!-- initializationPhd_HomeNotAssigned_Skill -->
        <test-method status="PASS" signature="mandarinSkillCount_OnlyNotAssigned_Test()[pri:5, instance:com.cet.phd.PhdHomeSkillOnlyNotAssigned_Test@2822c6ff]" name="mandarinSkillCount_OnlyNotAssigned_Test" duration-ms="1487" started-at="2020-12-18T15:50:55 IST" finished-at="2020-12-18T15:50:56 IST">
          <reporter-output>
          </reporter-output>
        </test-method> <!-- mandarinSkillCount_OnlyNotAssigned_Test -->
        <test-method status="PASS" signature="initializationPhd_HomeNotAssigned_Skill()[pri:0, instance:com.cet.phd.PhdHomeSkillOnlyNotAssigned_Test@2822c6ff]" name="initializationPhd_HomeNotAssigned_Skill" is-config="true" duration-ms="6217" started-at="2020-12-18T15:50:56 IST" finished-at="2020-12-18T15:51:02 IST">
          <reporter-output>
          </reporter-output>
        </test-method> <!-- initializationPhd_HomeNotAssigned_Skill -->
        <test-method status="PASS" signature="closeBrowser()[pri:0, instance:com.cet.phd.PhdHomeSkillOnlyNotAssigned_Test@2822c6ff]" name="closeBrowser" is-config="true" duration-ms="0" started-at="2020-12-18T15:50:56 IST" finished-at="2020-12-18T15:50:56 IST">
          <reporter-output>
          </reporter-output>
        </test-method> <!-- closeBrowser -->
        <test-method status="PASS" signature="vietnameseSkillCount_OnlyNotAssigned_Test()[pri:6, instance:com.cet.phd.PhdHomeSkillOnlyNotAssigned_Test@2822c6ff]" name="vietnameseSkillCount_OnlyNotAssigned_Test" duration-ms="1610" started-at="2020-12-18T15:51:02 IST" finished-at="2020-12-18T15:51:04 IST">
          <reporter-output>
          </reporter-output>
        </test-method> <!-- vietnameseSkillCount_OnlyNotAssigned_Test -->
        <test-method status="PASS" signature="closeBrowser()[pri:0, instance:com.cet.phd.PhdHomeSkillOnlyNotAssigned_Test@2822c6ff]" name="closeBrowser" is-config="true" duration-ms="1" started-at="2020-12-18T15:51:04 IST" finished-at="2020-12-18T15:51:04 IST">
          <reporter-output>
          </reporter-output>
        </test-method> <!-- closeBrowser -->
        <test-method status="PASS" signature="initializationPhd_HomeNotAssigned_Skill()[pri:0, instance:com.cet.phd.PhdHomeSkillOnlyNotAssigned_Test@2822c6ff]" name="initializationPhd_HomeNotAssigned_Skill" is-config="true" duration-ms="6675" started-at="2020-12-18T15:51:04 IST" finished-at="2020-12-18T15:51:11 IST">
          <reporter-output>
          </reporter-output>
        </test-method> <!-- initializationPhd_HomeNotAssigned_Skill -->
        <test-method status="PASS" signature="spanishSkillCount_OnlyNotAssigned_Test()[pri:7, instance:com.cet.phd.PhdHomeSkillOnlyNotAssigned_Test@2822c6ff]" name="spanishSkillCount_OnlyNotAssigned_Test" duration-ms="1418" started-at="2020-12-18T15:51:11 IST" finished-at="2020-12-18T15:51:12 IST">
          <reporter-output>
          </reporter-output>
        </test-method> <!-- spanishSkillCount_OnlyNotAssigned_Test -->
        <test-method status="PASS" signature="closeBrowser()[pri:0, instance:com.cet.phd.PhdHomeSkillOnlyNotAssigned_Test@2822c6ff]" name="closeBrowser" is-config="true" duration-ms="0" started-at="2020-12-18T15:51:12 IST" finished-at="2020-12-18T15:51:12 IST">
          <reporter-output>
          </reporter-output>
        </test-method> <!-- closeBrowser -->
        <test-method status="PASS" signature="initializationPhd_HomeNotAssigned_Skill()[pri:0, instance:com.cet.phd.PhdHomeSkillOnlyNotAssigned_Test@2822c6ff]" name="initializationPhd_HomeNotAssigned_Skill" is-config="true" duration-ms="6585" started-at="2020-12-18T15:51:12 IST" finished-at="2020-12-18T15:51:19 IST">
          <reporter-output>
          </reporter-output>
        </test-method> <!-- initializationPhd_HomeNotAssigned_Skill -->
        <test-method status="PASS" signature="tagalogSkillCount_OnlyNotAssigned_Test()[pri:8, instance:com.cet.phd.PhdHomeSkillOnlyNotAssigned_Test@2822c6ff]" name="tagalogSkillCount_OnlyNotAssigned_Test" duration-ms="1410" started-at="2020-12-18T15:51:19 IST" finished-at="2020-12-18T15:51:20 IST">
          <reporter-output>
          </reporter-output>
        </test-method> <!-- tagalogSkillCount_OnlyNotAssigned_Test -->
        <test-method status="PASS" signature="closeBrowser()[pri:0, instance:com.cet.phd.PhdHomeSkillOnlyNotAssigned_Test@2822c6ff]" name="closeBrowser" is-config="true" duration-ms="16577" started-at="2020-12-18T15:51:20 IST" finished-at="2020-12-18T15:51:37 IST">
          <reporter-output>
          </reporter-output>
        </test-method> <!-- closeBrowser -->
        <test-method status="PASS" signature="tearDown()[pri:0, instance:com.cet.phd.PhdHomeSkillOnlyNotAssigned_Test@2822c6ff]" name="tearDown" is-config="true" duration-ms="1371" started-at="2020-12-18T15:51:37 IST" finished-at="2020-12-18T15:51:38 IST">
          <reporter-output>
          </reporter-output>
        </test-method> <!-- tearDown -->
      </class> <!-- com.cet.phd.PhdHomeSkillOnlyNotAssigned_Test -->
      <class name="com.cet.phd.PhdHome_Test">
        <test-method status="PASS" signature="createTest()[pri:0, instance:com.cet.phd.PhdHome_Test@f202d6d]" name="createTest" is-config="true" duration-ms="9" started-at="2020-12-18T15:46:41 IST" finished-at="2020-12-18T15:46:41 IST">
          <reporter-output>
          </reporter-output>
        </test-method> <!-- createTest -->
        <test-method status="PASS" signature="initializationPHD_Search()[pri:0, instance:com.cet.phd.PhdHome_Test@f202d6d]" name="initializationPHD_Search" is-config="true" duration-ms="51018" started-at="2020-12-18T15:46:41 IST" finished-at="2020-12-18T15:47:32 IST">
          <reporter-output>
          </reporter-output>
        </test-method> <!-- initializationPHD_Search -->
        <test-method status="PASS" signature="nextScheduledTableHeader_Test()[pri:1, instance:com.cet.phd.PhdHome_Test@14e2e1c3, instance params:[{JobName=Test, Id=3, LastAttemptDate=, ScheduleUTCStartTime=2020-11-15 13:00:00.0, ScheduleDate=11/15/2020 09:00 AM EST, TaskType=PHD, Priority=1, UTCTime=10:16:24.0033333, TaskId=97680, =, CurrentAttemptCount=0}]]" name="nextScheduledTableHeader_Test" duration-ms="1496" started-at="2020-12-18T15:47:32 IST" finished-at="2020-12-18T15:47:34 IST">
          <reporter-output>
          </reporter-output>
        </test-method> <!-- nextScheduledTableHeader_Test -->
        <test-method status="PASS" signature="closeBrowser()[pri:0, instance:com.cet.phd.PhdHome_Test@f202d6d]" name="closeBrowser" is-config="true" duration-ms="0" started-at="2020-12-18T15:47:34 IST" finished-at="2020-12-18T15:47:34 IST">
          <reporter-output>
          </reporter-output>
        </test-method> <!-- closeBrowser -->
        <test-method status="PASS" signature="initializationPHD_Search()[pri:0, instance:com.cet.phd.PhdHome_Test@f202d6d]" name="initializationPHD_Search" is-config="true" duration-ms="0" started-at="2020-12-18T15:47:34 IST" finished-at="2020-12-18T15:47:34 IST">
          <reporter-output>
          </reporter-output>
        </test-method> <!-- initializationPHD_Search -->
        <test-method status="PASS" signature="homeJobName_Test()[pri:2, instance:com.cet.phd.PhdHome_Test@14e2e1c3, instance params:[{JobName=Test, Id=3, LastAttemptDate=, ScheduleUTCStartTime=2020-11-15 13:00:00.0, ScheduleDate=11/15/2020 09:00 AM EST, TaskType=PHD, Priority=1, UTCTime=10:16:24.0033333, TaskId=97680, =, CurrentAttemptCount=0}]]" name="homeJobName_Test" duration-ms="1526" started-at="2020-12-18T15:47:34 IST" finished-at="2020-12-18T15:47:36 IST">
          <reporter-output>
          </reporter-output>
        </test-method> <!-- homeJobName_Test -->
        <test-method status="PASS" signature="closeBrowser()[pri:0, instance:com.cet.phd.PhdHome_Test@f202d6d]" name="closeBrowser" is-config="true" duration-ms="1" started-at="2020-12-18T15:47:36 IST" finished-at="2020-12-18T15:47:36 IST">
          <reporter-output>
          </reporter-output>
        </test-method> <!-- closeBrowser -->
        <test-method status="PASS" signature="initializationPHD_Search()[pri:0, instance:com.cet.phd.PhdHome_Test@f202d6d]" name="initializationPHD_Search" is-config="true" duration-ms="1" started-at="2020-12-18T15:47:36 IST" finished-at="2020-12-18T15:47:36 IST">
          <reporter-output>
          </reporter-output>
        </test-method> <!-- initializationPHD_Search -->
        <test-method status="PASS" signature="homeTaskType_Test()[pri:3, instance:com.cet.phd.PhdHome_Test@14e2e1c3, instance params:[{JobName=Test, Id=3, LastAttemptDate=, ScheduleUTCStartTime=2020-11-15 13:00:00.0, ScheduleDate=11/15/2020 09:00 AM EST, TaskType=PHD, Priority=1, UTCTime=10:16:24.0033333, TaskId=97680, =, CurrentAttemptCount=0}]]" name="homeTaskType_Test" duration-ms="1472" started-at="2020-12-18T15:47:36 IST" finished-at="2020-12-18T15:47:37 IST">
          <reporter-output>
          </reporter-output>
        </test-method> <!-- homeTaskType_Test -->
        <test-method status="PASS" signature="closeBrowser()[pri:0, instance:com.cet.phd.PhdHome_Test@f202d6d]" name="closeBrowser" is-config="true" duration-ms="1" started-at="2020-12-18T15:47:37 IST" finished-at="2020-12-18T15:47:37 IST">
          <reporter-output>
          </reporter-output>
        </test-method> <!-- closeBrowser -->
        <test-method status="PASS" signature="homeScheduledDate_Test()[pri:4, instance:com.cet.phd.PhdHome_Test@14e2e1c3, instance params:[{JobName=Test, Id=3, LastAttemptDate=, ScheduleUTCStartTime=2020-11-15 13:00:00.0, ScheduleDate=11/15/2020 09:00 AM EST, TaskType=PHD, Priority=1, UTCTime=10:16:24.0033333, TaskId=97680, =, CurrentAttemptCount=0}]]" name="homeScheduledDate_Test" duration-ms="1591" started-at="2020-12-18T15:47:37 IST" finished-at="2020-12-18T15:47:39 IST">
          <reporter-output>
          </reporter-output>
        </test-method> <!-- homeScheduledDate_Test -->
        <test-method status="PASS" signature="initializationPHD_Search()[pri:0, instance:com.cet.phd.PhdHome_Test@f202d6d]" name="initializationPHD_Search" is-config="true" duration-ms="0" started-at="2020-12-18T15:47:37 IST" finished-at="2020-12-18T15:47:37 IST">
          <reporter-output>
          </reporter-output>
        </test-method> <!-- initializationPHD_Search -->
        <test-method status="PASS" signature="closeBrowser()[pri:0, instance:com.cet.phd.PhdHome_Test@f202d6d]" name="closeBrowser" is-config="true" duration-ms="1" started-at="2020-12-18T15:47:39 IST" finished-at="2020-12-18T15:47:39 IST">
          <reporter-output>
          </reporter-output>
        </test-method> <!-- closeBrowser -->
        <test-method status="PASS" signature="homeLastAttempttDate_Test()[pri:5, instance:com.cet.phd.PhdHome_Test@14e2e1c3, instance params:[{JobName=Test, Id=3, LastAttemptDate=, ScheduleUTCStartTime=2020-11-15 13:00:00.0, ScheduleDate=11/15/2020 09:00 AM EST, TaskType=PHD, Priority=1, UTCTime=10:16:24.0033333, TaskId=97680, =, CurrentAttemptCount=0}]]" name="homeLastAttempttDate_Test" duration-ms="2963" started-at="2020-12-18T15:47:39 IST" finished-at="2020-12-18T15:47:42 IST">
          <reporter-output>
          </reporter-output>
        </test-method> <!-- homeLastAttempttDate_Test -->
        <test-method status="PASS" signature="initializationPHD_Search()[pri:0, instance:com.cet.phd.PhdHome_Test@f202d6d]" name="initializationPHD_Search" is-config="true" duration-ms="0" started-at="2020-12-18T15:47:39 IST" finished-at="2020-12-18T15:47:39 IST">
          <reporter-output>
          </reporter-output>
        </test-method> <!-- initializationPHD_Search -->
        <test-method status="PASS" signature="closeBrowser()[pri:0, instance:com.cet.phd.PhdHome_Test@f202d6d]" name="closeBrowser" is-config="true" duration-ms="1" started-at="2020-12-18T15:47:42 IST" finished-at="2020-12-18T15:47:42 IST">
          <reporter-output>
          </reporter-output>
        </test-method> <!-- closeBrowser -->
        <test-method status="PASS" signature="homeAttemptCount_Test()[pri:6, instance:com.cet.phd.PhdHome_Test@14e2e1c3, instance params:[{JobName=Test, Id=3, LastAttemptDate=, ScheduleUTCStartTime=2020-11-15 13:00:00.0, ScheduleDate=11/15/2020 09:00 AM EST, TaskType=PHD, Priority=1, UTCTime=10:16:24.0033333, TaskId=97680, =, CurrentAttemptCount=0}]]" name="homeAttemptCount_Test" duration-ms="1407" started-at="2020-12-18T15:47:42 IST" finished-at="2020-12-18T15:47:43 IST">
          <reporter-output>
          </reporter-output>
        </test-method> <!-- homeAttemptCount_Test -->
        <test-method status="PASS" signature="initializationPHD_Search()[pri:0, instance:com.cet.phd.PhdHome_Test@f202d6d]" name="initializationPHD_Search" is-config="true" duration-ms="0" started-at="2020-12-18T15:47:42 IST" finished-at="2020-12-18T15:47:42 IST">
          <reporter-output>
          </reporter-output>
        </test-method> <!-- initializationPHD_Search -->
        <test-method status="PASS" signature="closeBrowser()[pri:0, instance:com.cet.phd.PhdHome_Test@f202d6d]" name="closeBrowser" is-config="true" duration-ms="1" started-at="2020-12-18T15:47:43 IST" finished-at="2020-12-18T15:47:43 IST">
          <reporter-output>
          </reporter-output>
        </test-method> <!-- closeBrowser -->
        <test-method status="PASS" signature="tearDown()[pri:0, instance:com.cet.phd.PhdHome_Test@f202d6d]" name="tearDown" is-config="true" duration-ms="1" started-at="2020-12-18T15:47:43 IST" finished-at="2020-12-18T15:47:43 IST">
          <reporter-output>
          </reporter-output>
        </test-method> <!-- tearDown -->
        <test-method status="PASS" signature="createTest()[pri:0, instance:com.cet.phd.PhdHome_Test@f202d6d]" name="createTest" is-config="true" duration-ms="0" started-at="2020-12-18T15:47:43 IST" finished-at="2020-12-18T15:47:43 IST">
          <reporter-output>
          </reporter-output>
        </test-method> <!-- createTest -->
        <test-method status="PASS" signature="initializationPHD_Search()[pri:0, instance:com.cet.phd.PhdHome_Test@f202d6d]" name="initializationPHD_Search" is-config="true" duration-ms="1" started-at="2020-12-18T15:47:43 IST" finished-at="2020-12-18T15:47:43 IST">
          <reporter-output>
          </reporter-output>
        </test-method> <!-- initializationPHD_Search -->
        <test-method status="PASS" signature="nextScheduledTableHeader_Test()[pri:1, instance:com.cet.phd.PhdHome_Test@2b4786dd, instance params:[{JobName=Test, Id=4, LastAttemptDate=, ScheduleUTCStartTime=2020-11-15 16:00:00.0, ScheduleDate=11/15/2020 09:00 AM PST, TaskType=PHD, Priority=1, UTCTime=10:16:24.0033333, TaskId=97668, =, CurrentAttemptCount=0}]]" name="nextScheduledTableHeader_Test" duration-ms="1315" started-at="2020-12-18T15:47:43 IST" finished-at="2020-12-18T15:47:44 IST">
          <reporter-output>
          </reporter-output>
        </test-method> <!-- nextScheduledTableHeader_Test -->
        <test-method status="PASS" signature="closeBrowser()[pri:0, instance:com.cet.phd.PhdHome_Test@f202d6d]" name="closeBrowser" is-config="true" duration-ms="1" started-at="2020-12-18T15:47:44 IST" finished-at="2020-12-18T15:47:44 IST">
          <reporter-output>
          </reporter-output>
        </test-method> <!-- closeBrowser -->
        <test-method status="PASS" signature="initializationPHD_Search()[pri:0, instance:com.cet.phd.PhdHome_Test@f202d6d]" name="initializationPHD_Search" is-config="true" duration-ms="1" started-at="2020-12-18T15:47:44 IST" finished-at="2020-12-18T15:47:44 IST">
          <reporter-output>
          </reporter-output>
        </test-method> <!-- initializationPHD_Search -->
        <test-method status="PASS" signature="homeJobName_Test()[pri:2, instance:com.cet.phd.PhdHome_Test@2b4786dd, instance params:[{JobName=Test, Id=4, LastAttemptDate=, ScheduleUTCStartTime=2020-11-15 16:00:00.0, ScheduleDate=11/15/2020 09:00 AM PST, TaskType=PHD, Priority=1, UTCTime=10:16:24.0033333, TaskId=97668, =, CurrentAttemptCount=0}]]" name="homeJobName_Test" duration-ms="1629" started-at="2020-12-18T15:47:44 IST" finished-at="2020-12-18T15:47:46 IST">
          <reporter-output>
          </reporter-output>
        </test-method> <!-- homeJobName_Test -->
        <test-method status="PASS" signature="closeBrowser()[pri:0, instance:com.cet.phd.PhdHome_Test@f202d6d]" name="closeBrowser" is-config="true" duration-ms="0" started-at="2020-12-18T15:47:46 IST" finished-at="2020-12-18T15:47:46 IST">
          <reporter-output>
          </reporter-output>
        </test-method> <!-- closeBrowser -->
        <test-method status="PASS" signature="initializationPHD_Search()[pri:0, instance:com.cet.phd.PhdHome_Test@f202d6d]" name="initializationPHD_Search" is-config="true" duration-ms="0" started-at="2020-12-18T15:47:46 IST" finished-at="2020-12-18T15:47:46 IST">
          <reporter-output>
          </reporter-output>
        </test-method> <!-- initializationPHD_Search -->
        <test-method status="PASS" signature="homeTaskType_Test()[pri:3, instance:com.cet.phd.PhdHome_Test@2b4786dd, instance params:[{JobName=Test, Id=4, LastAttemptDate=, ScheduleUTCStartTime=2020-11-15 16:00:00.0, ScheduleDate=11/15/2020 09:00 AM PST, TaskType=PHD, Priority=1, UTCTime=10:16:24.0033333, TaskId=97668, =, CurrentAttemptCount=0}]]" name="homeTaskType_Test" duration-ms="1444" started-at="2020-12-18T15:47:46 IST" finished-at="2020-12-18T15:47:47 IST">
          <reporter-output>
          </reporter-output>
        </test-method> <!-- homeTaskType_Test -->
        <test-method status="PASS" signature="closeBrowser()[pri:0, instance:com.cet.phd.PhdHome_Test@f202d6d]" name="closeBrowser" is-config="true" duration-ms="0" started-at="2020-12-18T15:47:47 IST" finished-at="2020-12-18T15:47:47 IST">
          <reporter-output>
          </reporter-output>
        </test-method> <!-- closeBrowser -->
        <test-method status="PASS" signature="homeScheduledDate_Test()[pri:4, instance:com.cet.phd.PhdHome_Test@2b4786dd, instance params:[{JobName=Test, Id=4, LastAttemptDate=, ScheduleUTCStartTime=2020-11-15 16:00:00.0, ScheduleDate=11/15/2020 09:00 AM PST, TaskType=PHD, Priority=1, UTCTime=10:16:24.0033333, TaskId=97668, =, CurrentAttemptCount=0}]]" name="homeScheduledDate_Test" duration-ms="1425" started-at="2020-12-18T15:47:47 IST" finished-at="2020-12-18T15:47:49 IST">
          <reporter-output>
          </reporter-output>
        </test-method> <!-- homeScheduledDate_Test -->
        <test-method status="PASS" signature="initializationPHD_Search()[pri:0, instance:com.cet.phd.PhdHome_Test@f202d6d]" name="initializationPHD_Search" is-config="true" duration-ms="0" started-at="2020-12-18T15:47:47 IST" finished-at="2020-12-18T15:47:47 IST">
          <reporter-output>
          </reporter-output>
        </test-method> <!-- initializationPHD_Search -->
        <test-method status="PASS" signature="closeBrowser()[pri:0, instance:com.cet.phd.PhdHome_Test@f202d6d]" name="closeBrowser" is-config="true" duration-ms="0" started-at="2020-12-18T15:47:49 IST" finished-at="2020-12-18T15:47:49 IST">
          <reporter-output>
          </reporter-output>
        </test-method> <!-- closeBrowser -->
        <test-method status="PASS" signature="homeLastAttempttDate_Test()[pri:5, instance:com.cet.phd.PhdHome_Test@2b4786dd, instance params:[{JobName=Test, Id=4, LastAttemptDate=, ScheduleUTCStartTime=2020-11-15 16:00:00.0, ScheduleDate=11/15/2020 09:00 AM PST, TaskType=PHD, Priority=1, UTCTime=10:16:24.0033333, TaskId=97668, =, CurrentAttemptCount=0}]]" name="homeLastAttempttDate_Test" duration-ms="5134" started-at="2020-12-18T15:47:49 IST" finished-at="2020-12-18T15:47:54 IST">
          <reporter-output>
          </reporter-output>
        </test-method> <!-- homeLastAttempttDate_Test -->
        <test-method status="PASS" signature="initializationPHD_Search()[pri:0, instance:com.cet.phd.PhdHome_Test@f202d6d]" name="initializationPHD_Search" is-config="true" duration-ms="0" started-at="2020-12-18T15:47:49 IST" finished-at="2020-12-18T15:47:49 IST">
          <reporter-output>
          </reporter-output>
        </test-method> <!-- initializationPHD_Search -->
        <test-method status="PASS" signature="closeBrowser()[pri:0, instance:com.cet.phd.PhdHome_Test@f202d6d]" name="closeBrowser" is-config="true" duration-ms="1" started-at="2020-12-18T15:47:54 IST" finished-at="2020-12-18T15:47:54 IST">
          <reporter-output>
          </reporter-output>
        </test-method> <!-- closeBrowser -->
        <test-method status="PASS" signature="homeAttemptCount_Test()[pri:6, instance:com.cet.phd.PhdHome_Test@2b4786dd, instance params:[{JobName=Test, Id=4, LastAttemptDate=, ScheduleUTCStartTime=2020-11-15 16:00:00.0, ScheduleDate=11/15/2020 09:00 AM PST, TaskType=PHD, Priority=1, UTCTime=10:16:24.0033333, TaskId=97668, =, CurrentAttemptCount=0}]]" name="homeAttemptCount_Test" duration-ms="3500" started-at="2020-12-18T15:47:54 IST" finished-at="2020-12-18T15:47:58 IST">
          <reporter-output>
          </reporter-output>
        </test-method> <!-- homeAttemptCount_Test -->
        <test-method status="PASS" signature="initializationPHD_Search()[pri:0, instance:com.cet.phd.PhdHome_Test@f202d6d]" name="initializationPHD_Search" is-config="true" duration-ms="0" started-at="2020-12-18T15:47:54 IST" finished-at="2020-12-18T15:47:54 IST">
          <reporter-output>
          </reporter-output>
        </test-method> <!-- initializationPHD_Search -->
        <test-method status="PASS" signature="closeBrowser()[pri:0, instance:com.cet.phd.PhdHome_Test@f202d6d]" name="closeBrowser" is-config="true" duration-ms="1" started-at="2020-12-18T15:47:58 IST" finished-at="2020-12-18T15:47:58 IST">
          <reporter-output>
          </reporter-output>
        </test-method> <!-- closeBrowser -->
        <test-method status="PASS" signature="tearDown()[pri:0, instance:com.cet.phd.PhdHome_Test@f202d6d]" name="tearDown" is-config="true" duration-ms="0" started-at="2020-12-18T15:47:58 IST" finished-at="2020-12-18T15:47:58 IST">
          <reporter-output>
          </reporter-output>
        </test-method> <!-- tearDown -->
        <test-method status="PASS" signature="createTest()[pri:0, instance:com.cet.phd.PhdHome_Test@f202d6d]" name="createTest" is-config="true" duration-ms="3" started-at="2020-12-18T15:47:58 IST" finished-at="2020-12-18T15:47:58 IST">
          <reporter-output>
          </reporter-output>
        </test-method> <!-- createTest -->
        <test-method status="PASS" signature="initializationPHD_Search()[pri:0, instance:com.cet.phd.PhdHome_Test@f202d6d]" name="initializationPHD_Search" is-config="true" duration-ms="1" started-at="2020-12-18T15:47:58 IST" finished-at="2020-12-18T15:47:58 IST">
          <reporter-output>
          </reporter-output>
        </test-method> <!-- initializationPHD_Search -->
        <test-method status="PASS" signature="nextScheduledTableHeader_Test()[pri:1, instance:com.cet.phd.PhdHome_Test@63718b93, instance params:[{JobName=Test, Id=2, LastAttemptDate=, ScheduleUTCStartTime=2020-11-15 13:00:00.0, ScheduleDate=11/15/2020 09:00 AM EST, TaskType=PHD, Priority=1, UTCTime=10:16:24.0033333, TaskId=97679, =, CurrentAttemptCount=0}]]" name="nextScheduledTableHeader_Test" duration-ms="1730" started-at="2020-12-18T15:47:58 IST" finished-at="2020-12-18T15:47:59 IST">
          <reporter-output>
          </reporter-output>
        </test-method> <!-- nextScheduledTableHeader_Test -->
        <test-method status="PASS" signature="closeBrowser()[pri:0, instance:com.cet.phd.PhdHome_Test@f202d6d]" name="closeBrowser" is-config="true" duration-ms="1" started-at="2020-12-18T15:47:59 IST" finished-at="2020-12-18T15:47:59 IST">
          <reporter-output>
          </reporter-output>
        </test-method> <!-- closeBrowser -->
        <test-method status="PASS" signature="initializationPHD_Search()[pri:0, instance:com.cet.phd.PhdHome_Test@f202d6d]" name="initializationPHD_Search" is-config="true" duration-ms="0" started-at="2020-12-18T15:47:59 IST" finished-at="2020-12-18T15:47:59 IST">
          <reporter-output>
          </reporter-output>
        </test-method> <!-- initializationPHD_Search -->
        <test-method status="PASS" signature="homeJobName_Test()[pri:2, instance:com.cet.phd.PhdHome_Test@63718b93, instance params:[{JobName=Test, Id=2, LastAttemptDate=, ScheduleUTCStartTime=2020-11-15 13:00:00.0, ScheduleDate=11/15/2020 09:00 AM EST, TaskType=PHD, Priority=1, UTCTime=10:16:24.0033333, TaskId=97679, =, CurrentAttemptCount=0}]]" name="homeJobName_Test" duration-ms="2877" started-at="2020-12-18T15:47:59 IST" finished-at="2020-12-18T15:48:02 IST">
          <reporter-output>
          </reporter-output>
        </test-method> <!-- homeJobName_Test -->
        <test-method status="PASS" signature="closeBrowser()[pri:0, instance:com.cet.phd.PhdHome_Test@f202d6d]" name="closeBrowser" is-config="true" duration-ms="1" started-at="2020-12-18T15:48:02 IST" finished-at="2020-12-18T15:48:02 IST">
          <reporter-output>
          </reporter-output>
        </test-method> <!-- closeBrowser -->
        <test-method status="PASS" signature="initializationPHD_Search()[pri:0, instance:com.cet.phd.PhdHome_Test@f202d6d]" name="initializationPHD_Search" is-config="true" duration-ms="0" started-at="2020-12-18T15:48:02 IST" finished-at="2020-12-18T15:48:02 IST">
          <reporter-output>
          </reporter-output>
        </test-method> <!-- initializationPHD_Search -->
        <test-method status="PASS" signature="homeTaskType_Test()[pri:3, instance:com.cet.phd.PhdHome_Test@63718b93, instance params:[{JobName=Test, Id=2, LastAttemptDate=, ScheduleUTCStartTime=2020-11-15 13:00:00.0, ScheduleDate=11/15/2020 09:00 AM EST, TaskType=PHD, Priority=1, UTCTime=10:16:24.0033333, TaskId=97679, =, CurrentAttemptCount=0}]]" name="homeTaskType_Test" duration-ms="1862" started-at="2020-12-18T15:48:02 IST" finished-at="2020-12-18T15:48:04 IST">
          <reporter-output>
          </reporter-output>
        </test-method> <!-- homeTaskType_Test -->
        <test-method status="PASS" signature="closeBrowser()[pri:0, instance:com.cet.phd.PhdHome_Test@f202d6d]" name="closeBrowser" is-config="true" duration-ms="0" started-at="2020-12-18T15:48:04 IST" finished-at="2020-12-18T15:48:04 IST">
          <reporter-output>
          </reporter-output>
        </test-method> <!-- closeBrowser -->
        <test-method status="PASS" signature="initializationPHD_Search()[pri:0, instance:com.cet.phd.PhdHome_Test@f202d6d]" name="initializationPHD_Search" is-config="true" duration-ms="1" started-at="2020-12-18T15:48:04 IST" finished-at="2020-12-18T15:48:04 IST">
          <reporter-output>
          </reporter-output>
        </test-method> <!-- initializationPHD_Search -->
        <test-method status="PASS" signature="homeScheduledDate_Test()[pri:4, instance:com.cet.phd.PhdHome_Test@63718b93, instance params:[{JobName=Test, Id=2, LastAttemptDate=, ScheduleUTCStartTime=2020-11-15 13:00:00.0, ScheduleDate=11/15/2020 09:00 AM EST, TaskType=PHD, Priority=1, UTCTime=10:16:24.0033333, TaskId=97679, =, CurrentAttemptCount=0}]]" name="homeScheduledDate_Test" duration-ms="1621" started-at="2020-12-18T15:48:04 IST" finished-at="2020-12-18T15:48:06 IST">
          <reporter-output>
          </reporter-output>
        </test-method> <!-- homeScheduledDate_Test -->
        <test-method status="PASS" signature="closeBrowser()[pri:0, instance:com.cet.phd.PhdHome_Test@f202d6d]" name="closeBrowser" is-config="true" duration-ms="1" started-at="2020-12-18T15:48:06 IST" finished-at="2020-12-18T15:48:06 IST">
          <reporter-output>
          </reporter-output>
        </test-method> <!-- closeBrowser -->
        <test-method status="PASS" signature="initializationPHD_Search()[pri:0, instance:com.cet.phd.PhdHome_Test@f202d6d]" name="initializationPHD_Search" is-config="true" duration-ms="0" started-at="2020-12-18T15:48:06 IST" finished-at="2020-12-18T15:48:06 IST">
          <reporter-output>
          </reporter-output>
        </test-method> <!-- initializationPHD_Search -->
        <test-method status="PASS" signature="homeLastAttempttDate_Test()[pri:5, instance:com.cet.phd.PhdHome_Test@63718b93, instance params:[{JobName=Test, Id=2, LastAttemptDate=, ScheduleUTCStartTime=2020-11-15 13:00:00.0, ScheduleDate=11/15/2020 09:00 AM EST, TaskType=PHD, Priority=1, UTCTime=10:16:24.0033333, TaskId=97679, =, CurrentAttemptCount=0}]]" name="homeLastAttempttDate_Test" duration-ms="4575" started-at="2020-12-18T15:48:06 IST" finished-at="2020-12-18T15:48:10 IST">
          <reporter-output>
          </reporter-output>
        </test-method> <!-- homeLastAttempttDate_Test -->
        <test-method status="PASS" signature="closeBrowser()[pri:0, instance:com.cet.phd.PhdHome_Test@f202d6d]" name="closeBrowser" is-config="true" duration-ms="0" started-at="2020-12-18T15:48:10 IST" finished-at="2020-12-18T15:48:10 IST">
          <reporter-output>
          </reporter-output>
        </test-method> <!-- closeBrowser -->
        <test-method status="PASS" signature="initializationPHD_Search()[pri:0, instance:com.cet.phd.PhdHome_Test@f202d6d]" name="initializationPHD_Search" is-config="true" duration-ms="0" started-at="2020-12-18T15:48:10 IST" finished-at="2020-12-18T15:48:10 IST">
          <reporter-output>
          </reporter-output>
        </test-method> <!-- initializationPHD_Search -->
        <test-method status="PASS" signature="homeAttemptCount_Test()[pri:6, instance:com.cet.phd.PhdHome_Test@63718b93, instance params:[{JobName=Test, Id=2, LastAttemptDate=, ScheduleUTCStartTime=2020-11-15 13:00:00.0, ScheduleDate=11/15/2020 09:00 AM EST, TaskType=PHD, Priority=1, UTCTime=10:16:24.0033333, TaskId=97679, =, CurrentAttemptCount=0}]]" name="homeAttemptCount_Test" duration-ms="1707" started-at="2020-12-18T15:48:10 IST" finished-at="2020-12-18T15:48:12 IST">
          <reporter-output>
          </reporter-output>
        </test-method> <!-- homeAttemptCount_Test -->
        <test-method status="PASS" signature="closeBrowser()[pri:0, instance:com.cet.phd.PhdHome_Test@f202d6d]" name="closeBrowser" is-config="true" duration-ms="0" started-at="2020-12-18T15:48:12 IST" finished-at="2020-12-18T15:48:12 IST">
          <reporter-output>
          </reporter-output>
        </test-method> <!-- closeBrowser -->
        <test-method status="PASS" signature="tearDown()[pri:0, instance:com.cet.phd.PhdHome_Test@f202d6d]" name="tearDown" is-config="true" duration-ms="0" started-at="2020-12-18T15:48:12 IST" finished-at="2020-12-18T15:48:12 IST">
          <reporter-output>
          </reporter-output>
        </test-method> <!-- tearDown -->
        <test-method status="PASS" signature="createTest()[pri:0, instance:com.cet.phd.PhdHome_Test@f202d6d]" name="createTest" is-config="true" duration-ms="1" started-at="2020-12-18T15:48:12 IST" finished-at="2020-12-18T15:48:12 IST">
          <reporter-output>
          </reporter-output>
        </test-method> <!-- createTest -->
        <test-method status="PASS" signature="nextScheduledTableHeader_Test()[pri:1, instance:com.cet.phd.PhdHome_Test@766a4535, instance params:[{JobName=Test, Id=1, LastAttemptDate=, ScheduleUTCStartTime=2020-11-15 13:00:00.0, ScheduleDate=11/15/2020 09:00 AM EST, TaskType=PHD, Priority=1, UTCTime=10:16:24.0033333, TaskId=97667, =, CurrentAttemptCount=0}]]" name="nextScheduledTableHeader_Test" duration-ms="1368" started-at="2020-12-18T15:48:12 IST" finished-at="2020-12-18T15:48:13 IST">
          <reporter-output>
          </reporter-output>
        </test-method> <!-- nextScheduledTableHeader_Test -->
        <test-method status="PASS" signature="initializationPHD_Search()[pri:0, instance:com.cet.phd.PhdHome_Test@f202d6d]" name="initializationPHD_Search" is-config="true" duration-ms="0" started-at="2020-12-18T15:48:12 IST" finished-at="2020-12-18T15:48:12 IST">
          <reporter-output>
          </reporter-output>
        </test-method> <!-- initializationPHD_Search -->
        <test-method status="PASS" signature="closeBrowser()[pri:0, instance:com.cet.phd.PhdHome_Test@f202d6d]" name="closeBrowser" is-config="true" duration-ms="0" started-at="2020-12-18T15:48:13 IST" finished-at="2020-12-18T15:48:13 IST">
          <reporter-output>
          </reporter-output>
        </test-method> <!-- closeBrowser -->
        <test-method status="PASS" signature="initializationPHD_Search()[pri:0, instance:com.cet.phd.PhdHome_Test@f202d6d]" name="initializationPHD_Search" is-config="true" duration-ms="1" started-at="2020-12-18T15:48:13 IST" finished-at="2020-12-18T15:48:13 IST">
          <reporter-output>
          </reporter-output>
        </test-method> <!-- initializationPHD_Search -->
        <test-method status="PASS" signature="homeJobName_Test()[pri:2, instance:com.cet.phd.PhdHome_Test@766a4535, instance params:[{JobName=Test, Id=1, LastAttemptDate=, ScheduleUTCStartTime=2020-11-15 13:00:00.0, ScheduleDate=11/15/2020 09:00 AM EST, TaskType=PHD, Priority=1, UTCTime=10:16:24.0033333, TaskId=97667, =, CurrentAttemptCount=0}]]" name="homeJobName_Test" duration-ms="1470" started-at="2020-12-18T15:48:13 IST" finished-at="2020-12-18T15:48:15 IST">
          <reporter-output>
          </reporter-output>
        </test-method> <!-- homeJobName_Test -->
        <test-method status="PASS" signature="closeBrowser()[pri:0, instance:com.cet.phd.PhdHome_Test@f202d6d]" name="closeBrowser" is-config="true" duration-ms="1" started-at="2020-12-18T15:48:15 IST" finished-at="2020-12-18T15:48:15 IST">
          <reporter-output>
          </reporter-output>
        </test-method> <!-- closeBrowser -->
        <test-method status="PASS" signature="initializationPHD_Search()[pri:0, instance:com.cet.phd.PhdHome_Test@f202d6d]" name="initializationPHD_Search" is-config="true" duration-ms="0" started-at="2020-12-18T15:48:15 IST" finished-at="2020-12-18T15:48:15 IST">
          <reporter-output>
          </reporter-output>
        </test-method> <!-- initializationPHD_Search -->
        <test-method status="PASS" signature="homeTaskType_Test()[pri:3, instance:com.cet.phd.PhdHome_Test@766a4535, instance params:[{JobName=Test, Id=1, LastAttemptDate=, ScheduleUTCStartTime=2020-11-15 13:00:00.0, ScheduleDate=11/15/2020 09:00 AM EST, TaskType=PHD, Priority=1, UTCTime=10:16:24.0033333, TaskId=97667, =, CurrentAttemptCount=0}]]" name="homeTaskType_Test" duration-ms="1507" started-at="2020-12-18T15:48:15 IST" finished-at="2020-12-18T15:48:16 IST">
          <reporter-output>
          </reporter-output>
        </test-method> <!-- homeTaskType_Test -->
        <test-method status="PASS" signature="closeBrowser()[pri:0, instance:com.cet.phd.PhdHome_Test@f202d6d]" name="closeBrowser" is-config="true" duration-ms="0" started-at="2020-12-18T15:48:16 IST" finished-at="2020-12-18T15:48:16 IST">
          <reporter-output>
          </reporter-output>
        </test-method> <!-- closeBrowser -->
        <test-method status="PASS" signature="homeScheduledDate_Test()[pri:4, instance:com.cet.phd.PhdHome_Test@766a4535, instance params:[{JobName=Test, Id=1, LastAttemptDate=, ScheduleUTCStartTime=2020-11-15 13:00:00.0, ScheduleDate=11/15/2020 09:00 AM EST, TaskType=PHD, Priority=1, UTCTime=10:16:24.0033333, TaskId=97667, =, CurrentAttemptCount=0}]]" name="homeScheduledDate_Test" duration-ms="1372" started-at="2020-12-18T15:48:16 IST" finished-at="2020-12-18T15:48:18 IST">
          <reporter-output>
          </reporter-output>
        </test-method> <!-- homeScheduledDate_Test -->
        <test-method status="PASS" signature="initializationPHD_Search()[pri:0, instance:com.cet.phd.PhdHome_Test@f202d6d]" name="initializationPHD_Search" is-config="true" duration-ms="0" started-at="2020-12-18T15:48:16 IST" finished-at="2020-12-18T15:48:16 IST">
          <reporter-output>
          </reporter-output>
        </test-method> <!-- initializationPHD_Search -->
        <test-method status="PASS" signature="closeBrowser()[pri:0, instance:com.cet.phd.PhdHome_Test@f202d6d]" name="closeBrowser" is-config="true" duration-ms="0" started-at="2020-12-18T15:48:18 IST" finished-at="2020-12-18T15:48:18 IST">
          <reporter-output>
          </reporter-output>
        </test-method> <!-- closeBrowser -->
        <test-method status="PASS" signature="homeLastAttempttDate_Test()[pri:5, instance:com.cet.phd.PhdHome_Test@766a4535, instance params:[{JobName=Test, Id=1, LastAttemptDate=, ScheduleUTCStartTime=2020-11-15 13:00:00.0, ScheduleDate=11/15/2020 09:00 AM EST, TaskType=PHD, Priority=1, UTCTime=10:16:24.0033333, TaskId=97667, =, CurrentAttemptCount=0}]]" name="homeLastAttempttDate_Test" duration-ms="2818" started-at="2020-12-18T15:48:18 IST" finished-at="2020-12-18T15:48:21 IST">
          <reporter-output>
          </reporter-output>
        </test-method> <!-- homeLastAttempttDate_Test -->
        <test-method status="PASS" signature="initializationPHD_Search()[pri:0, instance:com.cet.phd.PhdHome_Test@f202d6d]" name="initializationPHD_Search" is-config="true" duration-ms="0" started-at="2020-12-18T15:48:18 IST" finished-at="2020-12-18T15:48:18 IST">
          <reporter-output>
          </reporter-output>
        </test-method> <!-- initializationPHD_Search -->
        <test-method status="PASS" signature="closeBrowser()[pri:0, instance:com.cet.phd.PhdHome_Test@f202d6d]" name="closeBrowser" is-config="true" duration-ms="0" started-at="2020-12-18T15:48:21 IST" finished-at="2020-12-18T15:48:21 IST">
          <reporter-output>
          </reporter-output>
        </test-method> <!-- closeBrowser -->
        <test-method status="PASS" signature="initializationPHD_Search()[pri:0, instance:com.cet.phd.PhdHome_Test@f202d6d]" name="initializationPHD_Search" is-config="true" duration-ms="0" started-at="2020-12-18T15:48:21 IST" finished-at="2020-12-18T15:48:21 IST">
          <reporter-output>
          </reporter-output>
        </test-method> <!-- initializationPHD_Search -->
        <test-method status="PASS" signature="homeAttemptCount_Test()[pri:6, instance:com.cet.phd.PhdHome_Test@766a4535, instance params:[{JobName=Test, Id=1, LastAttemptDate=, ScheduleUTCStartTime=2020-11-15 13:00:00.0, ScheduleDate=11/15/2020 09:00 AM EST, TaskType=PHD, Priority=1, UTCTime=10:16:24.0033333, TaskId=97667, =, CurrentAttemptCount=0}]]" name="homeAttemptCount_Test" duration-ms="1413" started-at="2020-12-18T15:48:21 IST" finished-at="2020-12-18T15:48:22 IST">
          <reporter-output>
          </reporter-output>
        </test-method> <!-- homeAttemptCount_Test -->
        <test-method status="PASS" signature="closeBrowser()[pri:0, instance:com.cet.phd.PhdHome_Test@f202d6d]" name="closeBrowser" is-config="true" duration-ms="1" started-at="2020-12-18T15:48:22 IST" finished-at="2020-12-18T15:48:22 IST">
          <reporter-output>
          </reporter-output>
        </test-method> <!-- closeBrowser -->
        <test-method status="PASS" signature="tearDown()[pri:0, instance:com.cet.phd.PhdHome_Test@f202d6d]" name="tearDown" is-config="true" duration-ms="1" started-at="2020-12-18T15:48:22 IST" finished-at="2020-12-18T15:48:22 IST">
          <reporter-output>
          </reporter-output>
        </test-method> <!-- tearDown -->
        <test-method status="PASS" signature="createTest()[pri:0, instance:com.cet.phd.PhdHome_Test@f202d6d]" name="createTest" is-config="true" duration-ms="0" started-at="2020-12-18T15:48:22 IST" finished-at="2020-12-18T15:48:22 IST">
          <reporter-output>
          </reporter-output>
        </test-method> <!-- createTest -->
        <test-method status="PASS" signature="initializationPHD_Search()[pri:0, instance:com.cet.phd.PhdHome_Test@f202d6d]" name="initializationPHD_Search" is-config="true" duration-ms="0" started-at="2020-12-18T15:48:22 IST" finished-at="2020-12-18T15:48:22 IST">
          <reporter-output>
          </reporter-output>
        </test-method> <!-- initializationPHD_Search -->
        <test-method status="PASS" signature="nextScheduledTableHeader_Test()[pri:1, instance:com.cet.phd.PhdHome_Test@f202d6d, instance params:[{JobName=Test, Id=5, LastAttemptDate=, ScheduleUTCStartTime=2020-11-15 16:00:00.0, ScheduleDate=11/15/2020 09:00 AM PST, TaskType=PHD, Priority=1, UTCTime=10:16:24.0033333, TaskId=97669, =, CurrentAttemptCount=0}]]" name="nextScheduledTableHeader_Test" duration-ms="1714" started-at="2020-12-18T15:48:22 IST" finished-at="2020-12-18T15:48:24 IST">
          <reporter-output>
          </reporter-output>
        </test-method> <!-- nextScheduledTableHeader_Test -->
        <test-method status="PASS" signature="closeBrowser()[pri:0, instance:com.cet.phd.PhdHome_Test@f202d6d]" name="closeBrowser" is-config="true" duration-ms="1" started-at="2020-12-18T15:48:24 IST" finished-at="2020-12-18T15:48:24 IST">
          <reporter-output>
          </reporter-output>
        </test-method> <!-- closeBrowser -->
        <test-method status="PASS" signature="initializationPHD_Search()[pri:0, instance:com.cet.phd.PhdHome_Test@f202d6d]" name="initializationPHD_Search" is-config="true" duration-ms="0" started-at="2020-12-18T15:48:24 IST" finished-at="2020-12-18T15:48:24 IST">
          <reporter-output>
          </reporter-output>
        </test-method> <!-- initializationPHD_Search -->
        <test-method status="PASS" signature="homeJobName_Test()[pri:2, instance:com.cet.phd.PhdHome_Test@f202d6d, instance params:[{JobName=Test, Id=5, LastAttemptDate=, ScheduleUTCStartTime=2020-11-15 16:00:00.0, ScheduleDate=11/15/2020 09:00 AM PST, TaskType=PHD, Priority=1, UTCTime=10:16:24.0033333, TaskId=97669, =, CurrentAttemptCount=0}]]" name="homeJobName_Test" duration-ms="5030" started-at="2020-12-18T15:48:24 IST" finished-at="2020-12-18T15:48:29 IST">
          <reporter-output>
          </reporter-output>
        </test-method> <!-- homeJobName_Test -->
        <test-method status="PASS" signature="closeBrowser()[pri:0, instance:com.cet.phd.PhdHome_Test@f202d6d]" name="closeBrowser" is-config="true" duration-ms="1" started-at="2020-12-18T15:48:29 IST" finished-at="2020-12-18T15:48:29 IST">
          <reporter-output>
          </reporter-output>
        </test-method> <!-- closeBrowser -->
        <test-method status="PASS" signature="initializationPHD_Search()[pri:0, instance:com.cet.phd.PhdHome_Test@f202d6d]" name="initializationPHD_Search" is-config="true" duration-ms="0" started-at="2020-12-18T15:48:29 IST" finished-at="2020-12-18T15:48:29 IST">
          <reporter-output>
          </reporter-output>
        </test-method> <!-- initializationPHD_Search -->
        <test-method status="PASS" signature="homeTaskType_Test()[pri:3, instance:com.cet.phd.PhdHome_Test@f202d6d, instance params:[{JobName=Test, Id=5, LastAttemptDate=, ScheduleUTCStartTime=2020-11-15 16:00:00.0, ScheduleDate=11/15/2020 09:00 AM PST, TaskType=PHD, Priority=1, UTCTime=10:16:24.0033333, TaskId=97669, =, CurrentAttemptCount=0}]]" name="homeTaskType_Test" duration-ms="4575" started-at="2020-12-18T15:48:29 IST" finished-at="2020-12-18T15:48:33 IST">
          <reporter-output>
          </reporter-output>
        </test-method> <!-- homeTaskType_Test -->
        <test-method status="PASS" signature="closeBrowser()[pri:0, instance:com.cet.phd.PhdHome_Test@f202d6d]" name="closeBrowser" is-config="true" duration-ms="1" started-at="2020-12-18T15:48:33 IST" finished-at="2020-12-18T15:48:33 IST">
          <reporter-output>
          </reporter-output>
        </test-method> <!-- closeBrowser -->
        <test-method status="PASS" signature="homeScheduledDate_Test()[pri:4, instance:com.cet.phd.PhdHome_Test@f202d6d, instance params:[{JobName=Test, Id=5, LastAttemptDate=, ScheduleUTCStartTime=2020-11-15 16:00:00.0, ScheduleDate=11/15/2020 09:00 AM PST, TaskType=PHD, Priority=1, UTCTime=10:16:24.0033333, TaskId=97669, =, CurrentAttemptCount=0}]]" name="homeScheduledDate_Test" duration-ms="2672" started-at="2020-12-18T15:48:33 IST" finished-at="2020-12-18T15:48:36 IST">
          <reporter-output>
          </reporter-output>
        </test-method> <!-- homeScheduledDate_Test -->
        <test-method status="PASS" signature="initializationPHD_Search()[pri:0, instance:com.cet.phd.PhdHome_Test@f202d6d]" name="initializationPHD_Search" is-config="true" duration-ms="0" started-at="2020-12-18T15:48:33 IST" finished-at="2020-12-18T15:48:33 IST">
          <reporter-output>
          </reporter-output>
        </test-method> <!-- initializationPHD_Search -->
        <test-method status="PASS" signature="closeBrowser()[pri:0, instance:com.cet.phd.PhdHome_Test@f202d6d]" name="closeBrowser" is-config="true" duration-ms="1" started-at="2020-12-18T15:48:36 IST" finished-at="2020-12-18T15:48:36 IST">
          <reporter-output>
          </reporter-output>
        </test-method> <!-- closeBrowser -->
        <test-method status="PASS" signature="initializationPHD_Search()[pri:0, instance:com.cet.phd.PhdHome_Test@f202d6d]" name="initializationPHD_Search" is-config="true" duration-ms="0" started-at="2020-12-18T15:48:36 IST" finished-at="2020-12-18T15:48:36 IST">
          <reporter-output>
          </reporter-output>
        </test-method> <!-- initializationPHD_Search -->
        <test-method status="PASS" signature="homeLastAttempttDate_Test()[pri:5, instance:com.cet.phd.PhdHome_Test@f202d6d, instance params:[{JobName=Test, Id=5, LastAttemptDate=, ScheduleUTCStartTime=2020-11-15 16:00:00.0, ScheduleDate=11/15/2020 09:00 AM PST, TaskType=PHD, Priority=1, UTCTime=10:16:24.0033333, TaskId=97669, =, CurrentAttemptCount=0}]]" name="homeLastAttempttDate_Test" duration-ms="3853" started-at="2020-12-18T15:48:36 IST" finished-at="2020-12-18T15:48:40 IST">
          <reporter-output>
          </reporter-output>
        </test-method> <!-- homeLastAttempttDate_Test -->
        <test-method status="PASS" signature="closeBrowser()[pri:0, instance:com.cet.phd.PhdHome_Test@f202d6d]" name="closeBrowser" is-config="true" duration-ms="0" started-at="2020-12-18T15:48:40 IST" finished-at="2020-12-18T15:48:40 IST">
          <reporter-output>
          </reporter-output>
        </test-method> <!-- closeBrowser -->
        <test-method status="PASS" signature="initializationPHD_Search()[pri:0, instance:com.cet.phd.PhdHome_Test@f202d6d]" name="initializationPHD_Search" is-config="true" duration-ms="0" started-at="2020-12-18T15:48:40 IST" finished-at="2020-12-18T15:48:40 IST">
          <reporter-output>
          </reporter-output>
        </test-method> <!-- initializationPHD_Search -->
        <test-method status="PASS" signature="homeAttemptCount_Test()[pri:6, instance:com.cet.phd.PhdHome_Test@f202d6d, instance params:[{JobName=Test, Id=5, LastAttemptDate=, ScheduleUTCStartTime=2020-11-15 16:00:00.0, ScheduleDate=11/15/2020 09:00 AM PST, TaskType=PHD, Priority=1, UTCTime=10:16:24.0033333, TaskId=97669, =, CurrentAttemptCount=0}]]" name="homeAttemptCount_Test" duration-ms="2068" started-at="2020-12-18T15:48:40 IST" finished-at="2020-12-18T15:48:42 IST">
          <reporter-output>
          </reporter-output>
        </test-method> <!-- homeAttemptCount_Test -->
        <test-method status="PASS" signature="closeBrowser()[pri:0, instance:com.cet.phd.PhdHome_Test@f202d6d]" name="closeBrowser" is-config="true" duration-ms="1" started-at="2020-12-18T15:48:42 IST" finished-at="2020-12-18T15:48:42 IST">
          <reporter-output>
          </reporter-output>
        </test-method> <!-- closeBrowser -->
        <test-method status="PASS" signature="tearDown()[pri:0, instance:com.cet.phd.PhdHome_Test@f202d6d]" name="tearDown" is-config="true" duration-ms="0" started-at="2020-12-18T15:48:42 IST" finished-at="2020-12-18T15:48:42 IST">
          <reporter-output>
          </reporter-output>
        </test-method> <!-- tearDown -->
      </class> <!-- com.cet.phd.PhdHome_Test -->
      <class name="com.cet.phd.PhdHomeSkillAssigned_Test">
        <test-method status="PASS" signature="addLanguage_Skill()[pri:0, instance:com.cet.phd.PhdHomeSkillAssigned_Test@f339eae]" name="addLanguage_Skill" is-config="true" duration-ms="1778" started-at="2020-12-18T15:48:42 IST" finished-at="2020-12-18T15:48:44 IST">
          <reporter-output>
          </reporter-output>
        </test-method> <!-- addLanguage_Skill -->
        <test-method status="PASS" signature="initializationPhd_HomeSkill()[pri:0, instance:com.cet.phd.PhdHomeSkillAssigned_Test@f339eae]" name="initializationPhd_HomeSkill" is-config="true" duration-ms="7581" started-at="2020-12-18T15:48:44 IST" finished-at="2020-12-18T15:48:51 IST">
          <reporter-output>
          </reporter-output>
        </test-method> <!-- initializationPhd_HomeSkill -->
        <test-method status="PASS" signature="englishSkillCount_Test()[pri:1, instance:com.cet.phd.PhdHomeSkillAssigned_Test@f339eae]" name="englishSkillCount_Test" duration-ms="2923" started-at="2020-12-18T15:48:51 IST" finished-at="2020-12-18T15:48:54 IST">
          <reporter-output>
          </reporter-output>
        </test-method> <!-- englishSkillCount_Test -->
        <test-method status="PASS" signature="closeBrowser()[pri:0, instance:com.cet.phd.PhdHomeSkillAssigned_Test@f339eae]" name="closeBrowser" is-config="true" duration-ms="1" started-at="2020-12-18T15:48:54 IST" finished-at="2020-12-18T15:48:54 IST">
          <reporter-output>
          </reporter-output>
        </test-method> <!-- closeBrowser -->
        <test-method status="PASS" signature="initializationPhd_HomeSkill()[pri:0, instance:com.cet.phd.PhdHomeSkillAssigned_Test@f339eae]" name="initializationPhd_HomeSkill" is-config="true" duration-ms="5891" started-at="2020-12-18T15:48:54 IST" finished-at="2020-12-18T15:49:00 IST">
          <reporter-output>
          </reporter-output>
        </test-method> <!-- initializationPhd_HomeSkill -->
        <test-method status="PASS" signature="koreanSkillCount_Test()[pri:2, instance:com.cet.phd.PhdHomeSkillAssigned_Test@f339eae]" name="koreanSkillCount_Test" duration-ms="1699" started-at="2020-12-18T15:49:00 IST" finished-at="2020-12-18T15:49:02 IST">
          <reporter-output>
          </reporter-output>
        </test-method> <!-- koreanSkillCount_Test -->
        <test-method status="PASS" signature="closeBrowser()[pri:0, instance:com.cet.phd.PhdHomeSkillAssigned_Test@f339eae]" name="closeBrowser" is-config="true" duration-ms="1" started-at="2020-12-18T15:49:02 IST" finished-at="2020-12-18T15:49:02 IST">
          <reporter-output>
          </reporter-output>
        </test-method> <!-- closeBrowser -->
        <test-method status="PASS" signature="initializationPhd_HomeSkill()[pri:0, instance:com.cet.phd.PhdHomeSkillAssigned_Test@f339eae]" name="initializationPhd_HomeSkill" is-config="true" duration-ms="7082" started-at="2020-12-18T15:49:02 IST" finished-at="2020-12-18T15:49:09 IST">
          <reporter-output>
          </reporter-output>
        </test-method> <!-- initializationPhd_HomeSkill -->
        <test-method status="PASS" signature="cantoneseSkillCount_Test()[pri:3, instance:com.cet.phd.PhdHomeSkillAssigned_Test@f339eae]" name="cantoneseSkillCount_Test" duration-ms="1806" started-at="2020-12-18T15:49:09 IST" finished-at="2020-12-18T15:49:11 IST">
          <reporter-output>
          </reporter-output>
        </test-method> <!-- cantoneseSkillCount_Test -->
        <test-method status="PASS" signature="closeBrowser()[pri:0, instance:com.cet.phd.PhdHomeSkillAssigned_Test@f339eae]" name="closeBrowser" is-config="true" duration-ms="0" started-at="2020-12-18T15:49:11 IST" finished-at="2020-12-18T15:49:11 IST">
          <reporter-output>
          </reporter-output>
        </test-method> <!-- closeBrowser -->
        <test-method status="PASS" signature="initializationPhd_HomeSkill()[pri:0, instance:com.cet.phd.PhdHomeSkillAssigned_Test@f339eae]" name="initializationPhd_HomeSkill" is-config="true" duration-ms="6125" started-at="2020-12-18T15:49:11 IST" finished-at="2020-12-18T15:49:17 IST">
          <reporter-output>
          </reporter-output>
        </test-method> <!-- initializationPhd_HomeSkill -->
        <test-method status="PASS" signature="frenchSkillCount_Test()[pri:4, instance:com.cet.phd.PhdHomeSkillAssigned_Test@f339eae]" name="frenchSkillCount_Test" duration-ms="1688" started-at="2020-12-18T15:49:17 IST" finished-at="2020-12-18T15:49:19 IST">
          <reporter-output>
          </reporter-output>
        </test-method> <!-- frenchSkillCount_Test -->
        <test-method status="PASS" signature="closeBrowser()[pri:0, instance:com.cet.phd.PhdHomeSkillAssigned_Test@f339eae]" name="closeBrowser" is-config="true" duration-ms="0" started-at="2020-12-18T15:49:19 IST" finished-at="2020-12-18T15:49:19 IST">
          <reporter-output>
          </reporter-output>
        </test-method> <!-- closeBrowser -->
        <test-method status="PASS" signature="initializationPhd_HomeSkill()[pri:0, instance:com.cet.phd.PhdHomeSkillAssigned_Test@f339eae]" name="initializationPhd_HomeSkill" is-config="true" duration-ms="6651" started-at="2020-12-18T15:49:19 IST" finished-at="2020-12-18T15:49:25 IST">
          <reporter-output>
          </reporter-output>
        </test-method> <!-- initializationPhd_HomeSkill -->
        <test-method status="PASS" signature="mandarinSkillCount_Test()[pri:5, instance:com.cet.phd.PhdHomeSkillAssigned_Test@f339eae]" name="mandarinSkillCount_Test" duration-ms="1522" started-at="2020-12-18T15:49:25 IST" finished-at="2020-12-18T15:49:27 IST">
          <reporter-output>
          </reporter-output>
        </test-method> <!-- mandarinSkillCount_Test -->
        <test-method status="PASS" signature="closeBrowser()[pri:0, instance:com.cet.phd.PhdHomeSkillAssigned_Test@f339eae]" name="closeBrowser" is-config="true" duration-ms="0" started-at="2020-12-18T15:49:27 IST" finished-at="2020-12-18T15:49:27 IST">
          <reporter-output>
          </reporter-output>
        </test-method> <!-- closeBrowser -->
        <test-method status="PASS" signature="initializationPhd_HomeSkill()[pri:0, instance:com.cet.phd.PhdHomeSkillAssigned_Test@f339eae]" name="initializationPhd_HomeSkill" is-config="true" duration-ms="6704" started-at="2020-12-18T15:49:27 IST" finished-at="2020-12-18T15:49:33 IST">
          <reporter-output>
          </reporter-output>
        </test-method> <!-- initializationPhd_HomeSkill -->
        <test-method status="PASS" signature="vietnameseSkillCount_Test()[pri:6, instance:com.cet.phd.PhdHomeSkillAssigned_Test@f339eae]" name="vietnameseSkillCount_Test" duration-ms="1584" started-at="2020-12-18T15:49:33 IST" finished-at="2020-12-18T15:49:35 IST">
          <reporter-output>
          </reporter-output>
        </test-method> <!-- vietnameseSkillCount_Test -->
        <test-method status="PASS" signature="closeBrowser()[pri:0, instance:com.cet.phd.PhdHomeSkillAssigned_Test@f339eae]" name="closeBrowser" is-config="true" duration-ms="1" started-at="2020-12-18T15:49:35 IST" finished-at="2020-12-18T15:49:35 IST">
          <reporter-output>
          </reporter-output>
        </test-method> <!-- closeBrowser -->
        <test-method status="PASS" signature="initializationPhd_HomeSkill()[pri:0, instance:com.cet.phd.PhdHomeSkillAssigned_Test@f339eae]" name="initializationPhd_HomeSkill" is-config="true" duration-ms="6649" started-at="2020-12-18T15:49:35 IST" finished-at="2020-12-18T15:49:42 IST">
          <reporter-output>
          </reporter-output>
        </test-method> <!-- initializationPhd_HomeSkill -->
        <test-method status="PASS" signature="spanishSkillCount_Test()[pri:7, instance:com.cet.phd.PhdHomeSkillAssigned_Test@f339eae]" name="spanishSkillCount_Test" duration-ms="1512" started-at="2020-12-18T15:49:42 IST" finished-at="2020-12-18T15:49:43 IST">
          <reporter-output>
          </reporter-output>
        </test-method> <!-- spanishSkillCount_Test -->
        <test-method status="PASS" signature="closeBrowser()[pri:0, instance:com.cet.phd.PhdHomeSkillAssigned_Test@f339eae]" name="closeBrowser" is-config="true" duration-ms="1" started-at="2020-12-18T15:49:43 IST" finished-at="2020-12-18T15:49:43 IST">
          <reporter-output>
          </reporter-output>
        </test-method> <!-- closeBrowser -->
        <test-method status="PASS" signature="initializationPhd_HomeSkill()[pri:0, instance:com.cet.phd.PhdHomeSkillAssigned_Test@f339eae]" name="initializationPhd_HomeSkill" is-config="true" duration-ms="7478" started-at="2020-12-18T15:49:43 IST" finished-at="2020-12-18T15:49:51 IST">
          <reporter-output>
          </reporter-output>
        </test-method> <!-- initializationPhd_HomeSkill -->
        <test-method status="PASS" signature="tagalogSkillCount_Test()[pri:8, instance:com.cet.phd.PhdHomeSkillAssigned_Test@f339eae]" name="tagalogSkillCount_Test" duration-ms="1515" started-at="2020-12-18T15:49:51 IST" finished-at="2020-12-18T15:49:52 IST">
          <reporter-output>
          </reporter-output>
        </test-method> <!-- tagalogSkillCount_Test -->
        <test-method status="PASS" signature="closeBrowser()[pri:0, instance:com.cet.phd.PhdHomeSkillAssigned_Test@f339eae]" name="closeBrowser" is-config="true" duration-ms="0" started-at="2020-12-18T15:49:52 IST" finished-at="2020-12-18T15:49:52 IST">
          <reporter-output>
          </reporter-output>
        </test-method> <!-- closeBrowser -->
        <test-method status="PASS" signature="tearDown()[pri:0, instance:com.cet.phd.PhdHomeSkillAssigned_Test@f339eae]" name="tearDown" is-config="true" duration-ms="0" started-at="2020-12-18T15:49:52 IST" finished-at="2020-12-18T15:49:52 IST">
          <reporter-output>
          </reporter-output>
        </test-method> <!-- tearDown -->
      </class> <!-- com.cet.phd.PhdHomeSkillAssigned_Test -->
    </test> <!-- PHD-HomeTest -->
    <test name="PHD-UserAdminTest" duration-ms="453872" started-at="2020-12-18T15:51:41 IST" finished-at="2020-12-18T15:59:15 IST">
      <class name="com.cet.phd.PhdUserAdminAddNewUser_Test">
        <test-method status="PASS" signature="addLanguage_Skill()[pri:0, instance:com.cet.phd.PhdUserAdminAddNewUser_Test@6d171ce0]" name="addLanguage_Skill" is-config="true" duration-ms="51286" started-at="2020-12-18T15:51:41 IST" finished-at="2020-12-18T15:52:32 IST">
          <reporter-output>
          </reporter-output>
        </test-method> <!-- addLanguage_Skill -->
        <test-method status="PASS" signature="initializationPhd_UAAddNew()[pri:0, instance:com.cet.phd.PhdUserAdminAddNewUser_Test@6d171ce0]" name="initializationPhd_UAAddNew" is-config="true" duration-ms="14251" started-at="2020-12-18T15:52:32 IST" finished-at="2020-12-18T15:52:46 IST">
          <reporter-output>
          </reporter-output>
        </test-method> <!-- initializationPhd_UAAddNew -->
        <test-method status="PASS" signature="addNewUserValidate_Test()[pri:1, instance:com.cet.phd.PhdUserAdminAddNewUser_Test@6d171ce0]" name="addNewUserValidate_Test" duration-ms="10686" started-at="2020-12-18T15:52:46 IST" finished-at="2020-12-18T15:52:57 IST">
          <reporter-output>
          </reporter-output>
        </test-method> <!-- addNewUserValidate_Test -->
        <test-method status="PASS" signature="closeBrowser()[pri:0, instance:com.cet.phd.PhdUserAdminAddNewUser_Test@6d171ce0]" name="closeBrowser" is-config="true" duration-ms="0" started-at="2020-12-18T15:52:57 IST" finished-at="2020-12-18T15:52:57 IST">
          <reporter-output>
          </reporter-output>
        </test-method> <!-- closeBrowser -->
        <test-method status="PASS" signature="addNewUserFirstNameDisabled_Test()[pri:2, instance:com.cet.phd.PhdUserAdminAddNewUser_Test@6d171ce0]" name="addNewUserFirstNameDisabled_Test" duration-ms="3651" started-at="2020-12-18T15:52:57 IST" finished-at="2020-12-18T15:53:01 IST">
          <reporter-output>
          </reporter-output>
        </test-method> <!-- addNewUserFirstNameDisabled_Test -->
        <test-method status="PASS" signature="initializationPhd_UAAddNew()[pri:0, instance:com.cet.phd.PhdUserAdminAddNewUser_Test@6d171ce0]" name="initializationPhd_UAAddNew" is-config="true" duration-ms="0" started-at="2020-12-18T15:52:57 IST" finished-at="2020-12-18T15:52:57 IST">
          <reporter-output>
          </reporter-output>
        </test-method> <!-- initializationPhd_UAAddNew -->
        <test-method status="PASS" signature="closeBrowser()[pri:0, instance:com.cet.phd.PhdUserAdminAddNewUser_Test@6d171ce0]" name="closeBrowser" is-config="true" duration-ms="1" started-at="2020-12-18T15:53:01 IST" finished-at="2020-12-18T15:53:01 IST">
          <reporter-output>
          </reporter-output>
        </test-method> <!-- closeBrowser -->
        <test-method status="PASS" signature="initializationPhd_UAAddNew()[pri:0, instance:com.cet.phd.PhdUserAdminAddNewUser_Test@6d171ce0]" name="initializationPhd_UAAddNew" is-config="true" duration-ms="0" started-at="2020-12-18T15:53:01 IST" finished-at="2020-12-18T15:53:01 IST">
          <reporter-output>
          </reporter-output>
        </test-method> <!-- initializationPhd_UAAddNew -->
        <test-method status="PASS" signature="addNewUserFirstNameDB_Test()[pri:3, instance:com.cet.phd.PhdUserAdminAddNewUser_Test@6d171ce0]" name="addNewUserFirstNameDB_Test" duration-ms="2087" started-at="2020-12-18T15:53:01 IST" finished-at="2020-12-18T15:53:03 IST">
          <reporter-output>
          </reporter-output>
        </test-method> <!-- addNewUserFirstNameDB_Test -->
        <test-method status="PASS" signature="closeBrowser()[pri:0, instance:com.cet.phd.PhdUserAdminAddNewUser_Test@6d171ce0]" name="closeBrowser" is-config="true" duration-ms="0" started-at="2020-12-18T15:53:03 IST" finished-at="2020-12-18T15:53:03 IST">
          <reporter-output>
          </reporter-output>
        </test-method> <!-- closeBrowser -->
        <test-method status="PASS" signature="initializationPhd_UAAddNew()[pri:0, instance:com.cet.phd.PhdUserAdminAddNewUser_Test@6d171ce0]" name="initializationPhd_UAAddNew" is-config="true" duration-ms="0" started-at="2020-12-18T15:53:03 IST" finished-at="2020-12-18T15:53:03 IST">
          <reporter-output>
          </reporter-output>
        </test-method> <!-- initializationPhd_UAAddNew -->
        <test-method status="PASS" signature="addNewUserLastNameDisabled_Test()[pri:4, instance:com.cet.phd.PhdUserAdminAddNewUser_Test@6d171ce0]" name="addNewUserLastNameDisabled_Test" duration-ms="1502" started-at="2020-12-18T15:53:03 IST" finished-at="2020-12-18T15:53:04 IST">
          <reporter-output>
          </reporter-output>
        </test-method> <!-- addNewUserLastNameDisabled_Test -->
        <test-method status="PASS" signature="closeBrowser()[pri:0, instance:com.cet.phd.PhdUserAdminAddNewUser_Test@6d171ce0]" name="closeBrowser" is-config="true" duration-ms="2" started-at="2020-12-18T15:53:04 IST" finished-at="2020-12-18T15:53:04 IST">
          <reporter-output>
          </reporter-output>
        </test-method> <!-- closeBrowser -->
        <test-method status="PASS" signature="initializationPhd_UAAddNew()[pri:0, instance:com.cet.phd.PhdUserAdminAddNewUser_Test@6d171ce0]" name="initializationPhd_UAAddNew" is-config="true" duration-ms="2" started-at="2020-12-18T15:53:04 IST" finished-at="2020-12-18T15:53:04 IST">
          <reporter-output>
          </reporter-output>
        </test-method> <!-- initializationPhd_UAAddNew -->
        <test-method status="PASS" signature="addNewUserLastNameDB_Test()[pri:5, instance:com.cet.phd.PhdUserAdminAddNewUser_Test@6d171ce0]" name="addNewUserLastNameDB_Test" duration-ms="2046" started-at="2020-12-18T15:53:04 IST" finished-at="2020-12-18T15:53:06 IST">
          <reporter-output>
          </reporter-output>
        </test-method> <!-- addNewUserLastNameDB_Test -->
        <test-method status="PASS" signature="closeBrowser()[pri:0, instance:com.cet.phd.PhdUserAdminAddNewUser_Test@6d171ce0]" name="closeBrowser" is-config="true" duration-ms="1" started-at="2020-12-18T15:53:06 IST" finished-at="2020-12-18T15:53:06 IST">
          <reporter-output>
          </reporter-output>
        </test-method> <!-- closeBrowser -->
        <test-method status="PASS" signature="initializationPhd_UAAddNew()[pri:0, instance:com.cet.phd.PhdUserAdminAddNewUser_Test@6d171ce0]" name="initializationPhd_UAAddNew" is-config="true" duration-ms="0" started-at="2020-12-18T15:53:06 IST" finished-at="2020-12-18T15:53:06 IST">
          <reporter-output>
          </reporter-output>
        </test-method> <!-- initializationPhd_UAAddNew -->
        <test-method status="PASS" signature="addNewUserEmployeeIDDisabled_Test()[pri:6, instance:com.cet.phd.PhdUserAdminAddNewUser_Test@6d171ce0]" name="addNewUserEmployeeIDDisabled_Test" duration-ms="1369" started-at="2020-12-18T15:53:06 IST" finished-at="2020-12-18T15:53:08 IST">
          <reporter-output>
          </reporter-output>
        </test-method> <!-- addNewUserEmployeeIDDisabled_Test -->
        <test-method status="PASS" signature="closeBrowser()[pri:0, instance:com.cet.phd.PhdUserAdminAddNewUser_Test@6d171ce0]" name="closeBrowser" is-config="true" duration-ms="0" started-at="2020-12-18T15:53:08 IST" finished-at="2020-12-18T15:53:08 IST">
          <reporter-output>
          </reporter-output>
        </test-method> <!-- closeBrowser -->
        <test-method status="FAIL" signature="addNewUserEmailIDDB_Test()[pri:7, instance:com.cet.phd.PhdUserAdminAddNewUser_Test@6d171ce0]" name="addNewUserEmailIDDB_Test" duration-ms="1948" started-at="2020-12-18T15:53:08 IST" finished-at="2020-12-18T15:53:10 IST">
          <exception class="java.lang.AssertionError">
            <message>
              <![CDATA[Failed:EmailID DB Value mismatched - Add User expected [] but found [kishork@optum.com]]]>
            </message>
            <full-stacktrace>
              <![CDATA[java.lang.AssertionError: Failed:EmailID DB Value mismatched - Add User expected [] but found [kishork@optum.com]
at org.testng.Assert.fail(Assert.java:97)
at org.testng.Assert.assertEqualsImpl(Assert.java:136)
at org.testng.Assert.assertEquals(Assert.java:118)
at org.testng.Assert.assertEquals(Assert.java:575)
at com.cet.phd.PhdUserAdminAddNewUser_Test.addNewUserEmailIDDB_Test(PhdUserAdminAddNewUser_Test.java:105)
at sun.reflect.NativeMethodAccessorImpl.invoke0(Native Method)
at sun.reflect.NativeMethodAccessorImpl.invoke(Unknown Source)
at sun.reflect.DelegatingMethodAccessorImpl.invoke(Unknown Source)
at java.lang.reflect.Method.invoke(Unknown Source)
at org.testng.internal.MethodInvocationHelper.invokeMethod(MethodInvocationHelper.java:133)
at org.testng.internal.TestInvoker.invokeMethod(TestInvoker.java:584)
at org.testng.internal.TestInvoker.invokeTestMethod(TestInvoker.java:172)
at org.testng.internal.MethodRunner.runInSequence(MethodRunner.java:46)
at org.testng.internal.TestInvoker$MethodInvocationAgent.invoke(TestInvoker.java:804)
at org.testng.internal.TestInvoker.invokeTestMethods(TestInvoker.java:145)
at org.testng.internal.TestMethodWorker.invokeTestMethods(TestMethodWorker.java:146)
at org.testng.internal.TestMethodWorker.run(TestMethodWorker.java:128)
at java.util.ArrayList.forEach(Unknown Source)
at org.testng.TestRunner.privateRun(TestRunner.java:770)
at org.testng.TestRunner.run(TestRunner.java:591)
at org.testng.SuiteRunner.runTest(SuiteRunner.java:402)
at org.testng.SuiteRunner.runSequentially(SuiteRunner.java:396)
at org.testng.SuiteRunner.privateRun(SuiteRunner.java:355)
at org.testng.SuiteRunner.run(SuiteRunner.java:304)
at org.testng.SuiteRunnerWorker.runSuite(SuiteRunnerWorker.java:53)
at org.testng.SuiteRunnerWorker.run(SuiteRunnerWorker.java:96)
at org.testng.TestNG.runSuitesSequentially(TestNG.java:1180)
at org.testng.TestNG.runSuitesLocally(TestNG.java:1102)
at org.testng.TestNG.runSuites(TestNG.java:1032)
at org.testng.TestNG.run(TestNG.java:1000)
at org.testng.remote.AbstractRemoteTestNG.run(AbstractRemoteTestNG.java:115)
at org.testng.remote.RemoteTestNG.initAndRun(RemoteTestNG.java:251)
at org.testng.remote.RemoteTestNG.main(RemoteTestNG.java:77)
]]>
            </full-stacktrace>
          </exception> <!-- java.lang.AssertionError -->
          <reporter-output>
          </reporter-output>
        </test-method> <!-- addNewUserEmailIDDB_Test -->
        <test-method status="PASS" signature="initializationPhd_UAAddNew()[pri:0, instance:com.cet.phd.PhdUserAdminAddNewUser_Test@6d171ce0]" name="initializationPhd_UAAddNew" is-config="true" duration-ms="0" started-at="2020-12-18T15:53:08 IST" finished-at="2020-12-18T15:53:08 IST">
          <reporter-output>
          </reporter-output>
        </test-method> <!-- initializationPhd_UAAddNew -->
        <test-method status="PASS" signature="closeBrowser()[pri:0, instance:com.cet.phd.PhdUserAdminAddNewUser_Test@6d171ce0]" name="closeBrowser" is-config="true" duration-ms="0" started-at="2020-12-18T15:53:11 IST" finished-at="2020-12-18T15:53:11 IST">
          <reporter-output>
          </reporter-output>
        </test-method> <!-- closeBrowser -->
        <test-method status="PASS" signature="initializationPhd_UAAddNew()[pri:0, instance:com.cet.phd.PhdUserAdminAddNewUser_Test@6d171ce0]" name="initializationPhd_UAAddNew" is-config="true" duration-ms="1" started-at="2020-12-18T15:53:11 IST" finished-at="2020-12-18T15:53:11 IST">
          <reporter-output>
          </reporter-output>
        </test-method> <!-- initializationPhd_UAAddNew -->
        <test-method status="PASS" signature="addNewUserEmployeeIDDB_Test()[pri:7, instance:com.cet.phd.PhdUserAdminAddNewUser_Test@6d171ce0]" name="addNewUserEmployeeIDDB_Test" duration-ms="1891" started-at="2020-12-18T15:53:11 IST" finished-at="2020-12-18T15:53:13 IST">
          <reporter-output>
          </reporter-output>
        </test-method> <!-- addNewUserEmployeeIDDB_Test -->
        <test-method status="PASS" signature="closeBrowser()[pri:0, instance:com.cet.phd.PhdUserAdminAddNewUser_Test@6d171ce0]" name="closeBrowser" is-config="true" duration-ms="0" started-at="2020-12-18T15:53:13 IST" finished-at="2020-12-18T15:53:13 IST">
          <reporter-output>
          </reporter-output>
        </test-method> <!-- closeBrowser -->
        <test-method status="PASS" signature="initializationPhd_UAAddNew()[pri:0, instance:com.cet.phd.PhdUserAdminAddNewUser_Test@6d171ce0]" name="initializationPhd_UAAddNew" is-config="true" duration-ms="0" started-at="2020-12-18T15:53:13 IST" finished-at="2020-12-18T15:53:13 IST">
          <reporter-output>
          </reporter-output>
        </test-method> <!-- initializationPhd_UAAddNew -->
        <test-method status="PASS" signature="addNewUserEmailIDDisabled_Test()[pri:8, instance:com.cet.phd.PhdUserAdminAddNewUser_Test@6d171ce0]" name="addNewUserEmailIDDisabled_Test" duration-ms="1222" started-at="2020-12-18T15:53:13 IST" finished-at="2020-12-18T15:53:14 IST">
          <reporter-output>
          </reporter-output>
        </test-method> <!-- addNewUserEmailIDDisabled_Test -->
        <test-method status="PASS" signature="closeBrowser()[pri:0, instance:com.cet.phd.PhdUserAdminAddNewUser_Test@6d171ce0]" name="closeBrowser" is-config="true" duration-ms="1" started-at="2020-12-18T15:53:14 IST" finished-at="2020-12-18T15:53:14 IST">
          <reporter-output>
          </reporter-output>
        </test-method> <!-- closeBrowser -->
        <test-method status="PASS" signature="initializationPhd_UAAddNew()[pri:0, instance:com.cet.phd.PhdUserAdminAddNewUser_Test@6d171ce0]" name="initializationPhd_UAAddNew" is-config="true" duration-ms="1" started-at="2020-12-18T15:53:14 IST" finished-at="2020-12-18T15:53:14 IST">
          <reporter-output>
          </reporter-output>
        </test-method> <!-- initializationPhd_UAAddNew -->
        <test-method status="PASS" signature="addNewUserSupervisorDisabled_Test()[pri:9, instance:com.cet.phd.PhdUserAdminAddNewUser_Test@6d171ce0]" name="addNewUserSupervisorDisabled_Test" duration-ms="1275" started-at="2020-12-18T15:53:14 IST" finished-at="2020-12-18T15:53:15 IST">
          <reporter-output>
          </reporter-output>
        </test-method> <!-- addNewUserSupervisorDisabled_Test -->
        <test-method status="PASS" signature="closeBrowser()[pri:0, instance:com.cet.phd.PhdUserAdminAddNewUser_Test@6d171ce0]" name="closeBrowser" is-config="true" duration-ms="0" started-at="2020-12-18T15:53:15 IST" finished-at="2020-12-18T15:53:15 IST">
          <reporter-output>
          </reporter-output>
        </test-method> <!-- closeBrowser -->
        <test-method status="PASS" signature="initializationPhd_UAAddNew()[pri:0, instance:com.cet.phd.PhdUserAdminAddNewUser_Test@6d171ce0]" name="initializationPhd_UAAddNew" is-config="true" duration-ms="1" started-at="2020-12-18T15:53:15 IST" finished-at="2020-12-18T15:53:15 IST">
          <reporter-output>
          </reporter-output>
        </test-method> <!-- initializationPhd_UAAddNew -->
        <test-method status="PASS" signature="addNewUserSupervisorDB_Test()[pri:10, instance:com.cet.phd.PhdUserAdminAddNewUser_Test@6d171ce0]" name="addNewUserSupervisorDB_Test" duration-ms="1689" started-at="2020-12-18T15:53:15 IST" finished-at="2020-12-18T15:53:17 IST">
          <reporter-output>
          </reporter-output>
        </test-method> <!-- addNewUserSupervisorDB_Test -->
        <test-method status="PASS" signature="closeBrowser()[pri:0, instance:com.cet.phd.PhdUserAdminAddNewUser_Test@6d171ce0]" name="closeBrowser" is-config="true" duration-ms="0" started-at="2020-12-18T15:53:17 IST" finished-at="2020-12-18T15:53:17 IST">
          <reporter-output>
          </reporter-output>
        </test-method> <!-- closeBrowser -->
[...]
          <reporter-output>
          </reporter-output>
        </test-method> <!-- phoneNumberSearch_PHD_Test -->
        <test-method status="PASS" signature="resetPHD_Search()[pri:0, instance:com.cet.phd.PhdSearch_Test@37b72ea]" name="resetPHD_Search" is-config="true" duration-ms="1798" started-at="2020-12-18T16:04:22 IST" finished-at="2020-12-18T16:04:24 IST">
          <reporter-output>
          </reporter-output>
        </test-method> <!-- resetPHD_Search -->
        <test-method status="PASS" signature="initializationPHD_Search()[pri:0, instance:com.cet.phd.PhdSearch_Test@37b72ea]" name="initializationPHD_Search" is-config="true" duration-ms="1" started-at="2020-12-18T16:04:24 IST" finished-at="2020-12-18T16:04:24 IST">
          <reporter-output>
          </reporter-output>
        </test-method> <!-- initializationPHD_Search -->
        <test-method status="PASS" signature="agentNameSearch_PHD_Test()[pri:8, instance:com.cet.phd.PhdSearch_Test@37b72ea, instance params:[{AgentPrimaryPhoneNumber=2024253488, Taskstatus=Open, JobName=Test, CreatedDate=2020-11-11 06:50:15.217, TaskType=PHD, Agentstate=CA, AgentLastName=ADESANYA, AgentName=Dhanapal A, Campaignfocus=Not Ready to Sell – DSNP Campaign, FinalDisposition=, AgentFirstName=JAMES, DialingMethod=Manual, Taskid=97709, FinalAttemptDate=, AgentId=26552261, =}]]" name="agentNameSearch_PHD_Test" duration-ms="43504" started-at="2020-12-18T16:04:24 IST" finished-at="2020-12-18T16:05:08 IST">
          <reporter-output>
          </reporter-output>
        </test-method> <!-- agentNameSearch_PHD_Test -->
        <test-method status="PASS" signature="resetPHD_Search()[pri:0, instance:com.cet.phd.PhdSearch_Test@37b72ea]" name="resetPHD_Search" is-config="true" duration-ms="1950" started-at="2020-12-18T16:05:08 IST" finished-at="2020-12-18T16:05:10 IST">
          <reporter-output>
          </reporter-output>
        </test-method> <!-- resetPHD_Search -->
        <test-method status="PASS" signature="initializationPHD_Search()[pri:0, instance:com.cet.phd.PhdSearch_Test@37b72ea]" name="initializationPHD_Search" is-config="true" duration-ms="1" started-at="2020-12-18T16:05:10 IST" finished-at="2020-12-18T16:05:10 IST">
          <reporter-output>
          </reporter-output>
        </test-method> <!-- initializationPHD_Search -->
        <test-method status="PASS" signature="fullSearch_PHD_Test()[pri:9, instance:com.cet.phd.PhdSearch_Test@37b72ea, instance params:[{AgentPrimaryPhoneNumber=2024253488, Taskstatus=Open, JobName=Test, CreatedDate=2020-11-11 06:50:15.217, TaskType=PHD, Agentstate=CA, AgentLastName=ADESANYA, AgentName=Dhanapal A, Campaignfocus=Not Ready to Sell – DSNP Campaign, FinalDisposition=, AgentFirstName=JAMES, DialingMethod=Manual, Taskid=97709, FinalAttemptDate=, AgentId=26552261, =}]]" name="fullSearch_PHD_Test" duration-ms="101098" started-at="2020-12-18T16:05:10 IST" finished-at="2020-12-18T16:06:51 IST">
          <reporter-output>
          </reporter-output>
        </test-method> <!-- fullSearch_PHD_Test -->
        <test-method status="PASS" signature="resetPHD_Search()[pri:0, instance:com.cet.phd.PhdSearch_Test@37b72ea]" name="resetPHD_Search" is-config="true" duration-ms="1898" started-at="2020-12-18T16:06:51 IST" finished-at="2020-12-18T16:06:53 IST">
          <reporter-output>
          </reporter-output>
        </test-method> <!-- resetPHD_Search -->
        <test-method status="PASS" signature="tastTypeSearch_PHD_DefaultTest()[pri:10, instance:com.cet.phd.PhdSearch_Test@37b72ea, instance params:[{AgentPrimaryPhoneNumber=2024253488, Taskstatus=Open, JobName=Test, CreatedDate=2020-11-11 06:50:15.217, TaskType=PHD, Agentstate=CA, AgentLastName=ADESANYA, AgentName=Dhanapal A, Campaignfocus=Not Ready to Sell – DSNP Campaign, FinalDisposition=, AgentFirstName=JAMES, DialingMethod=Manual, Taskid=97709, FinalAttemptDate=, AgentId=26552261, =}]]" name="tastTypeSearch_PHD_DefaultTest" duration-ms="3635" started-at="2020-12-18T16:06:53 IST" finished-at="2020-12-18T16:06:56 IST">
          <reporter-output>
          </reporter-output>
        </test-method> <!-- tastTypeSearch_PHD_DefaultTest -->
        <test-method status="PASS" signature="initializationPHD_Search()[pri:0, instance:com.cet.phd.PhdSearch_Test@37b72ea]" name="initializationPHD_Search" is-config="true" duration-ms="0" started-at="2020-12-18T16:06:53 IST" finished-at="2020-12-18T16:06:53 IST">
          <reporter-output>
          </reporter-output>
        </test-method> <!-- initializationPHD_Search -->
        <test-method status="PASS" signature="resetPHD_Search()[pri:0, instance:com.cet.phd.PhdSearch_Test@37b72ea]" name="resetPHD_Search" is-config="true" duration-ms="1718" started-at="2020-12-18T16:06:56 IST" finished-at="2020-12-18T16:06:58 IST">
          <reporter-output>
          </reporter-output>
        </test-method> <!-- resetPHD_Search -->
        <test-method status="PASS" signature="initializationPHD_Search()[pri:0, instance:com.cet.phd.PhdSearch_Test@37b72ea]" name="initializationPHD_Search" is-config="true" duration-ms="1" started-at="2020-12-18T16:06:58 IST" finished-at="2020-12-18T16:06:58 IST">
          <reporter-output>
          </reporter-output>
        </test-method> <!-- initializationPHD_Search -->
        <test-method status="FAIL" signature="dialingMethodSearch_PHD_DefaultTest()[pri:11, instance:com.cet.phd.PhdSearch_Test@37b72ea, instance params:[{AgentPrimaryPhoneNumber=2024253488, Taskstatus=Open, JobName=Test, CreatedDate=2020-11-11 06:50:15.217, TaskType=PHD, Agentstate=CA, AgentLastName=ADESANYA, AgentName=Dhanapal A, Campaignfocus=Not Ready to Sell – DSNP Campaign, FinalDisposition=, AgentFirstName=JAMES, DialingMethod=Manual, Taskid=97709, FinalAttemptDate=, AgentId=26552261, =}]]" name="dialingMethodSearch_PHD_DefaultTest" duration-ms="2865" started-at="2020-12-18T16:06:58 IST" finished-at="2020-12-18T16:07:01 IST">
          <exception class="java.lang.AssertionError">
            <message>
              <![CDATA[Failed-Default Dialing Method value is Varied! expected [Manual] but found [Select]]]>
            </message>
            <full-stacktrace>
              <![CDATA[java.lang.AssertionError: Failed-Default Dialing Method value is Varied! expected [Manual] but found [Select]
at org.testng.Assert.fail(Assert.java:97)
at org.testng.Assert.assertEqualsImpl(Assert.java:136)
at org.testng.Assert.assertEquals(Assert.java:118)
at org.testng.Assert.assertEquals(Assert.java:575)
at com.cet.phd.PhdSearch_Test.dialingMethodSearch_PHD_DefaultTest(PhdSearch_Test.java:174)
at sun.reflect.NativeMethodAccessorImpl.invoke0(Native Method)
at sun.reflect.NativeMethodAccessorImpl.invoke(Unknown Source)
at sun.reflect.DelegatingMethodAccessorImpl.invoke(Unknown Source)
at java.lang.reflect.Method.invoke(Unknown Source)
at org.testng.internal.MethodInvocationHelper.invokeMethod(MethodInvocationHelper.java:133)
at org.testng.internal.TestInvoker.invokeMethod(TestInvoker.java:584)
at org.testng.internal.TestInvoker.invokeTestMethod(TestInvoker.java:172)
at org.testng.internal.MethodRunner.runInSequence(MethodRunner.java:46)
at org.testng.internal.TestInvoker$MethodInvocationAgent.invoke(TestInvoker.java:804)
at org.testng.internal.TestInvoker.invokeTestMethods(TestInvoker.java:145)
at org.testng.internal.TestMethodWorker.invokeTestMethods(TestMethodWorker.java:146)
at org.testng.internal.TestMethodWorker.run(TestMethodWorker.java:128)
at java.util.ArrayList.forEach(Unknown Source)
at org.testng.TestRunner.privateRun(TestRunner.java:770)
at org.testng.TestRunner.run(TestRunner.java:591)
at org.testng.SuiteRunner.runTest(SuiteRunner.java:402)
at org.testng.SuiteRunner.runSequentially(SuiteRunner.java:396)
at org.testng.SuiteRunner.privateRun(SuiteRunner.java:355)
at org.testng.SuiteRunner.run(SuiteRunner.java:304)
at org.testng.SuiteRunnerWorker.runSuite(SuiteRunnerWorker.java:53)
at org.testng.SuiteRunnerWorker.run(SuiteRunnerWorker.java:96)
at org.testng.TestNG.runSuitesSequentially(TestNG.java:1180)
at org.testng.TestNG.runSuitesLocally(TestNG.java:1102)
at org.testng.TestNG.runSuites(TestNG.java:1032)
at org.testng.TestNG.run(TestNG.java:1000)
at org.testng.remote.AbstractRemoteTestNG.run(AbstractRemoteTestNG.java:115)
at org.testng.remote.RemoteTestNG.initAndRun(RemoteTestNG.java:251)
at org.testng.remote.RemoteTestNG.main(RemoteTestNG.java:77)
]]>
            </full-stacktrace>
          </exception> <!-- java.lang.AssertionError -->
          <reporter-output>
          </reporter-output>
        </test-method> <!-- dialingMethodSearch_PHD_DefaultTest -->
        <test-method status="PASS" signature="resetPHD_Search()[pri:0, instance:com.cet.phd.PhdSearch_Test@37b72ea]" name="resetPHD_Search" is-config="true" duration-ms="1760" started-at="2020-12-18T16:07:01 IST" finished-at="2020-12-18T16:07:03 IST">
          <reporter-output>
          </reporter-output>
        </test-method> <!-- resetPHD_Search -->
        <test-method status="PASS" signature="tearDown()[pri:0, instance:com.cet.phd.PhdSearch_Test@37b72ea]" name="tearDown" is-config="true" duration-ms="0" started-at="2020-12-18T16:07:03 IST" finished-at="2020-12-18T16:07:03 IST">
          <reporter-output>
          </reporter-output>
        </test-method> <!-- tearDown -->
      </class> <!-- com.cet.phd.PhdSearch_Test -->
    </test> <!-- PHD-SearchTest -->
    <test name="PHD-AssignmentTest" duration-ms="293742" started-at="2020-12-18T16:11:43 IST" finished-at="2020-12-18T16:16:37 IST">
      <class name="com.cet.phd.PhdAssignmet_Test">
        <test-method status="PASS" signature="setExtent()[pri:0, instance:com.cet.phd.PhdAssignmet_Test@6f0cb5a1]" name="setExtent" is-config="true" duration-ms="744" started-at="2020-12-18T15:46:40 IST" finished-at="2020-12-18T15:46:41 IST">
          <reporter-output>
          </reporter-output>
        </test-method> <!-- setExtent -->
        <test-method status="PASS" signature="getinit()[pri:0, instance:com.cet.phd.PhdAssignmet_Test@6f0cb5a1]" name="getinit" is-config="true" duration-ms="5123" started-at="2020-12-18T16:11:43 IST" finished-at="2020-12-18T16:11:49 IST">
          <reporter-output>
          </reporter-output>
        </test-method> <!-- getinit -->
        <test-method status="PASS" signature="getInit()[pri:0, instance:com.cet.phd.PhdAssignmet_Test@6f0cb5a1]" name="getInit" is-config="true" duration-ms="41671" started-at="2020-12-18T16:11:49 IST" finished-at="2020-12-18T16:12:30 IST">
          <reporter-output>
          </reporter-output>
        </test-method> <!-- getInit -->
        <test-method status="PASS" signature="taskIDSearch_Assignment_PHD_Test()[pri:1, instance:com.cet.phd.PhdAssignmet_Test@6f0cb5a1]" name="taskIDSearch_Assignment_PHD_Test" duration-ms="27544" started-at="2020-12-18T16:12:30 IST" finished-at="2020-12-18T16:12:58 IST">
          <reporter-output>
          </reporter-output>
        </test-method> <!-- taskIDSearch_Assignment_PHD_Test -->
        <test-method status="PASS" signature="actionButtonEnabled_Assignment_PHD_Test()[pri:2, instance:com.cet.phd.PhdAssignmet_Test@6f0cb5a1]" name="actionButtonEnabled_Assignment_PHD_Test" duration-ms="880" started-at="2020-12-18T16:12:58 IST" finished-at="2020-12-18T16:12:59 IST">
          <reporter-output>
          </reporter-output>
        </test-method> <!-- actionButtonEnabled_Assignment_PHD_Test -->
        <test-method status="PASS" signature="getInit()[pri:0, instance:com.cet.phd.PhdAssignmet_Test@6f0cb5a1]" name="getInit" is-config="true" duration-ms="0" started-at="2020-12-18T16:12:58 IST" finished-at="2020-12-18T16:12:58 IST">
          <reporter-output>
          </reporter-output>
        </test-method> <!-- getInit -->
        <test-method status="PASS" signature="actionButtonDefaultNotSelected_Assignment_PHD_Test()[pri:3, instance:com.cet.phd.PhdAssignmet_Test@6f0cb5a1]" name="actionButtonDefaultNotSelected_Assignment_PHD_Test" duration-ms="848" started-at="2020-12-18T16:12:59 IST" finished-at="2020-12-18T16:12:59 IST">
          <reporter-output>
          </reporter-output>
        </test-method> <!-- actionButtonDefaultNotSelected_Assignment_PHD_Test -->
        <test-method status="PASS" signature="getInit()[pri:0, instance:com.cet.phd.PhdAssignmet_Test@6f0cb5a1]" name="getInit" is-config="true" duration-ms="0" started-at="2020-12-18T16:12:59 IST" finished-at="2020-12-18T16:12:59 IST">
          <reporter-output>
          </reporter-output>
        </test-method> <!-- getInit -->
        <test-method status="PASS" signature="getInit()[pri:0, instance:com.cet.phd.PhdAssignmet_Test@6f0cb5a1]" name="getInit" is-config="true" duration-ms="1" started-at="2020-12-18T16:12:59 IST" finished-at="2020-12-18T16:12:59 IST">
          <reporter-output>
          </reporter-output>
        </test-method> <!-- getInit -->
        <test-method status="PASS" signature="campaignFocusSearch_Assignment_PHD_Test()[pri:4, instance:com.cet.phd.PhdAssignmet_Test@6f0cb5a1]" name="campaignFocusSearch_Assignment_PHD_Test" duration-ms="32902" started-at="2020-12-18T16:12:59 IST" finished-at="2020-12-18T16:13:32 IST">
          <reporter-output>
          </reporter-output>
        </test-method> <!-- campaignFocusSearch_Assignment_PHD_Test -->
        <test-method status="PASS" signature="getInit()[pri:0, instance:com.cet.phd.PhdAssignmet_Test@6f0cb5a1]" name="getInit" is-config="true" duration-ms="0" started-at="2020-12-18T16:13:32 IST" finished-at="2020-12-18T16:13:32 IST">
          <reporter-output>
          </reporter-output>
        </test-method> <!-- getInit -->
        <test-method status="PASS" signature="taskStatusSearch_Assignment_PHD_Test()[pri:5, instance:com.cet.phd.PhdAssignmet_Test@6f0cb5a1]" name="taskStatusSearch_Assignment_PHD_Test" duration-ms="40301" started-at="2020-12-18T16:13:32 IST" finished-at="2020-12-18T16:14:13 IST">
          <reporter-output>
          </reporter-output>
        </test-method> <!-- taskStatusSearch_Assignment_PHD_Test -->
        <test-method status="PASS" signature="getInit()[pri:0, instance:com.cet.phd.PhdAssignmet_Test@6f0cb5a1]" name="getInit" is-config="true" duration-ms="1" started-at="2020-12-18T16:14:13 IST" finished-at="2020-12-18T16:14:13 IST">
          <reporter-output>
          </reporter-output>
        </test-method> <!-- getInit -->
        <test-method status="PASS" signature="jobNameSearch_Assignment_PHD_Test()[pri:6, instance:com.cet.phd.PhdAssignmet_Test@6f0cb5a1]" name="jobNameSearch_Assignment_PHD_Test" duration-ms="31926" started-at="2020-12-18T16:14:13 IST" finished-at="2020-12-18T16:14:45 IST">
          <reporter-output>
          </reporter-output>
        </test-method> <!-- jobNameSearch_Assignment_PHD_Test -->
        <test-method status="PASS" signature="fullSearch_Assignment_PHD_Test()[pri:7, instance:com.cet.phd.PhdAssignmet_Test@6f0cb5a1]" name="fullSearch_Assignment_PHD_Test" duration-ms="41950" started-at="2020-12-18T16:14:45 IST" finished-at="2020-12-18T16:15:27 IST">
          <reporter-output>
          </reporter-output>
        </test-method> <!-- fullSearch_Assignment_PHD_Test -->
        <test-method status="PASS" signature="getInit()[pri:0, instance:com.cet.phd.PhdAssignmet_Test@6f0cb5a1]" name="getInit" is-config="true" duration-ms="0" started-at="2020-12-18T16:14:45 IST" finished-at="2020-12-18T16:14:45 IST">
          <reporter-output>
          </reporter-output>
        </test-method> <!-- getInit -->
        <test-method status="PASS" signature="getInit()[pri:0, instance:com.cet.phd.PhdAssignmet_Test@6f0cb5a1]" name="getInit" is-config="true" duration-ms="0" started-at="2020-12-18T16:15:27 IST" finished-at="2020-12-18T16:15:27 IST">
          <reporter-output>
          </reporter-output>
        </test-method> <!-- getInit -->
        <test-method status="PASS" signature="assignButtonEnabled_Assignment_PHD_Test()[pri:8, instance:com.cet.phd.PhdAssignmet_Test@6f0cb5a1]" name="assignButtonEnabled_Assignment_PHD_Test" duration-ms="2683" started-at="2020-12-18T16:15:27 IST" finished-at="2020-12-18T16:15:29 IST">
          <reporter-output>
          </reporter-output>
        </test-method> <!-- assignButtonEnabled_Assignment_PHD_Test -->
        <test-method status="PASS" signature="getInit()[pri:0, instance:com.cet.phd.PhdAssignmet_Test@6f0cb5a1]" name="getInit" is-config="true" duration-ms="1" started-at="2020-12-18T16:15:29 IST" finished-at="2020-12-18T16:15:29 IST">
          <reporter-output>
          </reporter-output>
        </test-method> <!-- getInit -->
        <test-method status="PASS" signature="loggedInUser_Assignment_PHD_Test()[pri:9, instance:com.cet.phd.PhdAssignmet_Test@6f0cb5a1]" name="loggedInUser_Assignment_PHD_Test" duration-ms="8352" started-at="2020-12-18T16:15:29 IST" finished-at="2020-12-18T16:15:38 IST">
          <reporter-output>
          </reporter-output>
        </test-method> <!-- loggedInUser_Assignment_PHD_Test -->
        <test-method status="PASS" signature="getInit()[pri:0, instance:com.cet.phd.PhdAssignmet_Test@6f0cb5a1]" name="getInit" is-config="true" duration-ms="0" started-at="2020-12-18T16:15:38 IST" finished-at="2020-12-18T16:15:38 IST">
          <reporter-output>
          </reporter-output>
        </test-method> <!-- getInit -->
        <test-method status="PASS" signature="alertVerify_Assignment_PHD_Test()[pri:10, instance:com.cet.phd.PhdAssignmet_Test@6f0cb5a1]" name="alertVerify_Assignment_PHD_Test" duration-ms="5110" started-at="2020-12-18T16:15:38 IST" finished-at="2020-12-18T16:15:43 IST">
          <reporter-output>
          </reporter-output>
        </test-method> <!-- alertVerify_Assignment_PHD_Test -->
        <test-method status="PASS" signature="getInit()[pri:0, instance:com.cet.phd.PhdAssignmet_Test@6f0cb5a1]" name="getInit" is-config="true" duration-ms="1" started-at="2020-12-18T16:15:43 IST" finished-at="2020-12-18T16:15:43 IST">
          <reporter-output>
          </reporter-output>
        </test-method> <!-- getInit -->
        <test-method status="PASS" signature="db_Assignmet_PHD_Test()[pri:11, instance:com.cet.phd.PhdAssignmet_Test@6f0cb5a1]" name="db_Assignmet_PHD_Test" duration-ms="34161" started-at="2020-12-18T16:15:43 IST" finished-at="2020-12-18T16:16:17 IST">
          <reporter-output>
          </reporter-output>
        </test-method> <!-- db_Assignmet_PHD_Test -->
        <test-method status="PASS" signature="invalidSearch_Assignment_PHD_Test()[pri:12, instance:com.cet.phd.PhdAssignmet_Test@6f0cb5a1]" name="invalidSearch_Assignment_PHD_Test" duration-ms="19143" started-at="2020-12-18T16:16:17 IST" finished-at="2020-12-18T16:16:36 IST">
          <reporter-output>
          </reporter-output>
        </test-method> <!-- invalidSearch_Assignment_PHD_Test -->
        <test-method status="PASS" signature="getInit()[pri:0, instance:com.cet.phd.PhdAssignmet_Test@6f0cb5a1]" name="getInit" is-config="true" duration-ms="0" started-at="2020-12-18T16:16:17 IST" finished-at="2020-12-18T16:16:17 IST">
          <reporter-output>
          </reporter-output>
        </test-method> <!-- getInit -->
        <test-method status="PASS" signature="tearDown()[pri:0, instance:com.cet.phd.PhdAssignmet_Test@6f0cb5a1]" name="tearDown" is-config="true" duration-ms="1112" started-at="2020-12-18T16:16:36 IST" finished-at="2020-12-18T16:16:37 IST">
          <reporter-output>
          </reporter-output>
        </test-method> <!-- tearDown -->
        <test-method status="PASS" signature="removeExtent()[pri:0, instance:com.cet.phd.PhdAssignmet_Test@6f0cb5a1]" name="removeExtent" is-config="true" duration-ms="8803" started-at="2020-12-18T16:16:38 IST" finished-at="2020-12-18T16:16:46 IST">
          <reporter-output>
          </reporter-output>
        </test-method> <!-- removeExtent -->
      </class> <!-- com.cet.phd.PhdAssignmet_Test -->
    </test> <!-- PHD-AssignmentTest -->
  </suite> <!-- PhdSuite -->
</testng-results>
